2020/12/30 08:13:38 : {"type": "insert", "query": "INSERT INTO `_DBPRF_woocommerce_order_itemmeta` (`order_item_id`, `meta_key`, `meta_value`) VALUES ('505', '_qty', '1')"}
2020/12/30 08:13:38 : {"type": "insert", "query": "INSERT INTO `_DBPRF_woocommerce_order_itemmeta` (`order_item_id`, `meta_key`, `meta_value`) VALUES ('505', '_tax_class', '')"}
2020/12/30 08:13:38 : {"type": "insert", "query": "INSERT INTO `_DBPRF_woocommerce_order_itemmeta` (`order_item_id`, `meta_key`, `meta_value`) VALUES ('505', '_product_id', 0)"}
2020/12/30 08:13:38 : {"type": "insert", "query": "INSERT INTO `_DBPRF_woocommerce_order_itemmeta` (`order_item_id`, `meta_key`, `meta_value`) VALUES ('505', '_variation_id', '')"}
2020/12/30 08:13:38 : {"type": "insert", "query": "INSERT INTO `_DBPRF_woocommerce_order_itemmeta` (`order_item_id`, `meta_key`, `meta_value`) VALUES ('505', '_line_subtotal', '0.0000')"}
2020/12/30 08:13:38 : {"type": "insert", "query": "INSERT INTO `_DBPRF_woocommerce_order_itemmeta` (`order_item_id`, `meta_key`, `meta_value`) VALUES ('505', '_line_total', '0.0000')"}
2020/12/30 08:13:38 : {"type": "insert", "query": "INSERT INTO `_DBPRF_woocommerce_order_itemmeta` (`order_item_id`, `meta_key`, `meta_value`) VALUES ('505', '_line_subtotal_tax', 0)"}
2020/12/30 08:13:38 : {"type": "insert", "query": "INSERT INTO `_DBPRF_woocommerce_order_itemmeta` (`order_item_id`, `meta_key`, `meta_value`) VALUES ('505', '_line_tax', 0)"}
2020/12/30 08:13:38 : {"type": "insert", "query": "INSERT INTO `_DBPRF_woocommerce_order_itemmeta` (`order_item_id`, `meta_key`, `meta_value`) VALUES ('505', '_line_tax_data', 'a:2:{s:5:\\\"total\\\";i:0;s:8:\\\"subtotal\\\";i:0;}')"}
2020/12/30 08:13:38 : {"type": "insert", "query": "INSERT INTO `_DBPRF_woocommerce_order_itemmeta` (`order_item_id`, `meta_key`, `meta_value`) VALUES ('506', '_qty', '1')"}
2020/12/30 08:13:38 : {"type": "insert", "query": "INSERT INTO `_DBPRF_woocommerce_order_itemmeta` (`order_item_id`, `meta_key`, `meta_value`) VALUES ('506', '_tax_class', '')"}
2020/12/30 08:13:38 : {"type": "insert", "query": "INSERT INTO `_DBPRF_woocommerce_order_itemmeta` (`order_item_id`, `meta_key`, `meta_value`) VALUES ('506', '_product_id', 0)"}
2020/12/30 08:13:38 : {"type": "insert", "query": "INSERT INTO `_DBPRF_woocommerce_order_itemmeta` (`order_item_id`, `meta_key`, `meta_value`) VALUES ('506', '_variation_id', '')"}
2020/12/30 08:13:38 : {"type": "insert", "query": "INSERT INTO `_DBPRF_woocommerce_order_itemmeta` (`order_item_id`, `meta_key`, `meta_value`) VALUES ('506', '_line_subtotal', '0.0000')"}
2020/12/30 08:13:38 : {"type": "insert", "query": "INSERT INTO `_DBPRF_woocommerce_order_itemmeta` (`order_item_id`, `meta_key`, `meta_value`) VALUES ('506', '_line_total', '0.0000')"}
2020/12/30 08:13:38 : {"type": "insert", "query": "INSERT INTO `_DBPRF_woocommerce_order_itemmeta` (`order_item_id`, `meta_key`, `meta_value`) VALUES ('506', '_line_subtotal_tax', 0)"}
2020/12/30 08:13:38 : {"type": "insert", "query": "INSERT INTO `_DBPRF_woocommerce_order_itemmeta` (`order_item_id`, `meta_key`, `meta_value`) VALUES ('506', '_line_tax', 0)"}
2020/12/30 08:13:39 : {"type": "insert", "query": "INSERT INTO `_DBPRF_woocommerce_order_itemmeta` (`order_item_id`, `meta_key`, `meta_value`) VALUES ('506', '_line_tax_data', 'a:2:{s:5:\\\"total\\\";i:0;s:8:\\\"subtotal\\\";i:0;}')"}
2020/12/30 08:13:39 : {"type": "insert", "query": "INSERT INTO `_DBPRF_woocommerce_order_itemmeta` (`order_item_id`, `meta_key`, `meta_value`) VALUES ('507', '_qty', '1')"}
2020/12/30 08:13:39 : {"type": "insert", "query": "INSERT INTO `_DBPRF_woocommerce_order_itemmeta` (`order_item_id`, `meta_key`, `meta_value`) VALUES ('507', '_tax_class', '')"}
2020/12/30 08:13:39 : {"type": "insert", "query": "INSERT INTO `_DBPRF_woocommerce_order_itemmeta` (`order_item_id`, `meta_key`, `meta_value`) VALUES ('507', '_product_id', 0)"}
2020/12/30 08:13:39 : {"type": "insert", "query": "INSERT INTO `_DBPRF_woocommerce_order_itemmeta` (`order_item_id`, `meta_key`, `meta_value`) VALUES ('507', '_variation_id', '')"}
2020/12/30 08:13:39 : {"type": "insert", "query": "INSERT INTO `_DBPRF_woocommerce_order_itemmeta` (`order_item_id`, `meta_key`, `meta_value`) VALUES ('507', '_line_subtotal', '0.0000')"}
2020/12/30 08:13:39 : {"type": "insert", "query": "INSERT INTO `_DBPRF_woocommerce_order_itemmeta` (`order_item_id`, `meta_key`, `meta_value`) VALUES ('507', '_line_total', '0.0000')"}
2020/12/30 08:13:39 : {"type": "insert", "query": "INSERT INTO `_DBPRF_woocommerce_order_itemmeta` (`order_item_id`, `meta_key`, `meta_value`) VALUES ('507', '_line_subtotal_tax', 0)"}
2020/12/30 08:13:39 : {"type": "insert", "query": "INSERT INTO `_DBPRF_woocommerce_order_itemmeta` (`order_item_id`, `meta_key`, `meta_value`) VALUES ('507', '_line_tax', 0)"}
2020/12/30 08:13:39 : {"type": "insert", "query": "INSERT INTO `_DBPRF_woocommerce_order_itemmeta` (`order_item_id`, `meta_key`, `meta_value`) VALUES ('507', '_line_tax_data', 'a:2:{s:5:\\\"total\\\";i:0;s:8:\\\"subtotal\\\";i:0;}')"}
2020/12/30 08:13:39 : {"type": "insert", "query": "INSERT INTO `_DBPRF_woocommerce_order_itemmeta` (`order_item_id`, `meta_key`, `meta_value`) VALUES ('508', '_qty', '1')"}
2020/12/30 08:13:39 : {"type": "insert", "query": "INSERT INTO `_DBPRF_woocommerce_order_itemmeta` (`order_item_id`, `meta_key`, `meta_value`) VALUES ('508', '_tax_class', '')"}
2020/12/30 08:13:39 : {"type": "insert", "query": "INSERT INTO `_DBPRF_woocommerce_order_itemmeta` (`order_item_id`, `meta_key`, `meta_value`) VALUES ('508', '_product_id', 0)"}
2020/12/30 08:13:39 : {"type": "insert", "query": "INSERT INTO `_DBPRF_woocommerce_order_itemmeta` (`order_item_id`, `meta_key`, `meta_value`) VALUES ('508', '_variation_id', '')"}
2020/12/30 08:13:39 : {"type": "insert", "query": "INSERT INTO `_DBPRF_woocommerce_order_itemmeta` (`order_item_id`, `meta_key`, `meta_value`) VALUES ('508', '_line_subtotal', '0.0000')"}
2020/12/30 08:13:40 : {"type": "insert", "query": "INSERT INTO `_DBPRF_woocommerce_order_itemmeta` (`order_item_id`, `meta_key`, `meta_value`) VALUES ('508', '_line_total', '0.0000')"}
2020/12/30 08:13:40 : {"type": "insert", "query": "INSERT INTO `_DBPRF_woocommerce_order_itemmeta` (`order_item_id`, `meta_key`, `meta_value`) VALUES ('508', '_line_subtotal_tax', 0)"}
2020/12/30 08:13:40 : {"type": "insert", "query": "INSERT INTO `_DBPRF_woocommerce_order_itemmeta` (`order_item_id`, `meta_key`, `meta_value`) VALUES ('508', '_line_tax', 0)"}
2020/12/30 08:13:40 : {"type": "insert", "query": "INSERT INTO `_DBPRF_woocommerce_order_itemmeta` (`order_item_id`, `meta_key`, `meta_value`) VALUES ('508', '_line_tax_data', 'a:2:{s:5:\\\"total\\\";i:0;s:8:\\\"subtotal\\\";i:0;}')"}
2020/12/30 08:13:40 : {"type": "insert", "query": "INSERT INTO `_DBPRF_woocommerce_order_itemmeta` (`order_item_id`, `meta_key`, `meta_value`) VALUES ('509', '_qty', '1')"}
2020/12/30 08:13:40 : {"type": "insert", "query": "INSERT INTO `_DBPRF_woocommerce_order_itemmeta` (`order_item_id`, `meta_key`, `meta_value`) VALUES ('509', '_tax_class', '')"}
2020/12/30 08:13:40 : {"type": "insert", "query": "INSERT INTO `_DBPRF_woocommerce_order_itemmeta` (`order_item_id`, `meta_key`, `meta_value`) VALUES ('509', '_product_id', 0)"}
2020/12/30 08:13:40 : {"type": "insert", "query": "INSERT INTO `_DBPRF_woocommerce_order_itemmeta` (`order_item_id`, `meta_key`, `meta_value`) VALUES ('509', '_variation_id', '')"}
2020/12/30 08:13:40 : {"type": "insert", "query": "INSERT INTO `_DBPRF_woocommerce_order_itemmeta` (`order_item_id`, `meta_key`, `meta_value`) VALUES ('509', '_line_subtotal', '0.0000')"}
2020/12/30 08:13:40 : {"type": "insert", "query": "INSERT INTO `_DBPRF_woocommerce_order_itemmeta` (`order_item_id`, `meta_key`, `meta_value`) VALUES ('509', '_line_total', '0.0000')"}
2020/12/30 08:13:40 : {"type": "insert", "query": "INSERT INTO `_DBPRF_woocommerce_order_itemmeta` (`order_item_id`, `meta_key`, `meta_value`) VALUES ('509', '_line_subtotal_tax', 0)"}
2020/12/30 08:13:40 : {"type": "insert", "query": "INSERT INTO `_DBPRF_woocommerce_order_itemmeta` (`order_item_id`, `meta_key`, `meta_value`) VALUES ('509', '_line_tax', 0)"}
2020/12/30 08:13:40 : {"type": "insert", "query": "INSERT INTO `_DBPRF_woocommerce_order_itemmeta` (`order_item_id`, `meta_key`, `meta_value`) VALUES ('509', '_line_tax_data', 'a:2:{s:5:\\\"total\\\";i:0;s:8:\\\"subtotal\\\";i:0;}')"}
2020/12/30 08:13:40 : {"type": "insert", "query": "INSERT INTO `_DBPRF_woocommerce_order_itemmeta` (`order_item_id`, `meta_key`, `meta_value`) VALUES ('510', '_qty', '1')"}
2020/12/30 08:13:40 : {"type": "insert", "query": "INSERT INTO `_DBPRF_woocommerce_order_itemmeta` (`order_item_id`, `meta_key`, `meta_value`) VALUES ('510', '_tax_class', '')"}
2020/12/30 08:13:40 : {"type": "insert", "query": "INSERT INTO `_DBPRF_woocommerce_order_itemmeta` (`order_item_id`, `meta_key`, `meta_value`) VALUES ('510', '_product_id', 0)"}
2020/12/30 08:13:40 : {"type": "insert", "query": "INSERT INTO `_DBPRF_woocommerce_order_itemmeta` (`order_item_id`, `meta_key`, `meta_value`) VALUES ('510', '_variation_id', '')"}
2020/12/30 08:13:40 : {"type": "insert", "query": "INSERT INTO `_DBPRF_woocommerce_order_itemmeta` (`order_item_id`, `meta_key`, `meta_value`) VALUES ('510', '_line_subtotal', '32.989')"}
2020/12/30 08:13:40 : {"type": "insert", "query": "INSERT INTO `_DBPRF_woocommerce_order_itemmeta` (`order_item_id`, `meta_key`, `meta_value`) VALUES ('510', '_line_total', '32.989')"}
2020/12/30 08:13:40 : {"type": "insert", "query": "INSERT INTO `_DBPRF_woocommerce_order_itemmeta` (`order_item_id`, `meta_key`, `meta_value`) VALUES ('510', '_line_subtotal_tax', 0)"}
2020/12/30 08:13:40 : {"type": "insert", "query": "INSERT INTO `_DBPRF_woocommerce_order_itemmeta` (`order_item_id`, `meta_key`, `meta_value`) VALUES ('510', '_line_tax', 0)"}
2020/12/30 08:13:40 : {"type": "insert", "query": "INSERT INTO `_DBPRF_woocommerce_order_itemmeta` (`order_item_id`, `meta_key`, `meta_value`) VALUES ('510', '_line_tax_data', 'a:2:{s:5:\\\"total\\\";i:0;s:8:\\\"subtotal\\\";i:0;}')"}
2020/12/30 08:13:41 : {"type": "insert", "query": "INSERT INTO `_DBPRF_woocommerce_order_itemmeta` (`order_item_id`, `meta_key`, `meta_value`) VALUES ('511', '_qty', '1')"}
2020/12/30 08:13:41 : {"type": "insert", "query": "INSERT INTO `_DBPRF_woocommerce_order_itemmeta` (`order_item_id`, `meta_key`, `meta_value`) VALUES ('511', '_tax_class', '')"}
2020/12/30 08:13:41 : {"type": "insert", "query": "INSERT INTO `_DBPRF_woocommerce_order_itemmeta` (`order_item_id`, `meta_key`, `meta_value`) VALUES ('511', '_product_id', 0)"}
2020/12/30 08:13:41 : {"type": "insert", "query": "INSERT INTO `_DBPRF_woocommerce_order_itemmeta` (`order_item_id`, `meta_key`, `meta_value`) VALUES ('511', '_variation_id', '')"}
2020/12/30 08:13:41 : {"type": "insert", "query": "INSERT INTO `_DBPRF_woocommerce_order_itemmeta` (`order_item_id`, `meta_key`, `meta_value`) VALUES ('511', '_line_subtotal', '26.5665')"}
2020/12/30 08:13:41 : {"type": "insert", "query": "INSERT INTO `_DBPRF_woocommerce_order_itemmeta` (`order_item_id`, `meta_key`, `meta_value`) VALUES ('511', '_line_total', '26.5665')"}
2020/12/30 08:13:41 : {"type": "insert", "query": "INSERT INTO `_DBPRF_woocommerce_order_itemmeta` (`order_item_id`, `meta_key`, `meta_value`) VALUES ('511', '_line_subtotal_tax', 0)"}
2020/12/30 08:13:41 : {"type": "insert", "query": "INSERT INTO `_DBPRF_woocommerce_order_itemmeta` (`order_item_id`, `meta_key`, `meta_value`) VALUES ('511', '_line_tax', 0)"}
2020/12/30 08:13:41 : {"type": "insert", "query": "INSERT INTO `_DBPRF_woocommerce_order_itemmeta` (`order_item_id`, `meta_key`, `meta_value`) VALUES ('511', '_line_tax_data', 'a:2:{s:5:\\\"total\\\";i:0;s:8:\\\"subtotal\\\";i:0;}')"}
2020/12/30 08:13:41 : {"type": "insert", "query": "INSERT INTO `_DBPRF_woocommerce_order_itemmeta` (`order_item_id`, `meta_key`, `meta_value`) VALUES ('512', '_qty', '1')"}
2020/12/30 08:13:41 : {"type": "insert", "query": "INSERT INTO `_DBPRF_woocommerce_order_itemmeta` (`order_item_id`, `meta_key`, `meta_value`) VALUES ('512', '_tax_class', '')"}
2020/12/30 08:13:41 : {"type": "insert", "query": "INSERT INTO `_DBPRF_woocommerce_order_itemmeta` (`order_item_id`, `meta_key`, `meta_value`) VALUES ('512', '_product_id', 0)"}
2020/12/30 08:13:41 : {"type": "insert", "query": "INSERT INTO `_DBPRF_woocommerce_order_itemmeta` (`order_item_id`, `meta_key`, `meta_value`) VALUES ('512', '_variation_id', '')"}
2020/12/30 08:13:41 : {"type": "insert", "query": "INSERT INTO `_DBPRF_woocommerce_order_itemmeta` (`order_item_id`, `meta_key`, `meta_value`) VALUES ('512', '_line_subtotal', '24.03')"}
2020/12/30 08:13:41 : {"type": "insert", "query": "INSERT INTO `_DBPRF_woocommerce_order_itemmeta` (`order_item_id`, `meta_key`, `meta_value`) VALUES ('512', '_line_total', '24.03')"}
2020/12/30 08:13:41 : {"type": "insert", "query": "INSERT INTO `_DBPRF_woocommerce_order_itemmeta` (`order_item_id`, `meta_key`, `meta_value`) VALUES ('512', '_line_subtotal_tax', 0)"}
2020/12/30 08:13:41 : {"type": "insert", "query": "INSERT INTO `_DBPRF_woocommerce_order_itemmeta` (`order_item_id`, `meta_key`, `meta_value`) VALUES ('512', '_line_tax', 0)"}
2020/12/30 08:13:41 : {"type": "insert", "query": "INSERT INTO `_DBPRF_woocommerce_order_itemmeta` (`order_item_id`, `meta_key`, `meta_value`) VALUES ('512', '_line_tax_data', 'a:2:{s:5:\\\"total\\\";i:0;s:8:\\\"subtotal\\\";i:0;}')"}
2020/12/30 08:13:42 : {"type": "insert", "query": "INSERT INTO `_DBPRF_woocommerce_order_itemmeta` (`order_item_id`, `meta_key`, `meta_value`) VALUES ('513', '_qty', '1')"}
2020/12/30 08:13:42 : {"type": "insert", "query": "INSERT INTO `_DBPRF_woocommerce_order_itemmeta` (`order_item_id`, `meta_key`, `meta_value`) VALUES ('513', '_tax_class', '')"}
2020/12/30 08:13:42 : {"type": "insert", "query": "INSERT INTO `_DBPRF_woocommerce_order_itemmeta` (`order_item_id`, `meta_key`, `meta_value`) VALUES ('513', '_product_id', 0)"}
2020/12/30 08:13:42 : {"type": "insert", "query": "INSERT INTO `_DBPRF_woocommerce_order_itemmeta` (`order_item_id`, `meta_key`, `meta_value`) VALUES ('513', '_variation_id', '')"}
2020/12/30 08:13:42 : {"type": "insert", "query": "INSERT INTO `_DBPRF_woocommerce_order_itemmeta` (`order_item_id`, `meta_key`, `meta_value`) VALUES ('513', '_line_subtotal', '26.5665')"}
2020/12/30 08:13:42 : {"type": "insert", "query": "INSERT INTO `_DBPRF_woocommerce_order_itemmeta` (`order_item_id`, `meta_key`, `meta_value`) VALUES ('513', '_line_total', '26.5665')"}
2020/12/30 08:13:42 : {"type": "insert", "query": "INSERT INTO `_DBPRF_woocommerce_order_itemmeta` (`order_item_id`, `meta_key`, `meta_value`) VALUES ('513', '_line_subtotal_tax', 0)"}
2020/12/30 08:13:42 : {"type": "insert", "query": "INSERT INTO `_DBPRF_woocommerce_order_itemmeta` (`order_item_id`, `meta_key`, `meta_value`) VALUES ('513', '_line_tax', 0)"}
2020/12/30 08:13:42 : {"type": "insert", "query": "INSERT INTO `_DBPRF_woocommerce_order_itemmeta` (`order_item_id`, `meta_key`, `meta_value`) VALUES ('513', '_line_tax_data', 'a:2:{s:5:\\\"total\\\";i:0;s:8:\\\"subtotal\\\";i:0;}')"}
2020/12/30 08:13:42 : {"type": "insert", "query": "INSERT INTO `_DBPRF_woocommerce_order_itemmeta` (`order_item_id`, `meta_key`, `meta_value`) VALUES ('514', '_qty', '1')"}
2020/12/30 08:13:42 : {"type": "insert", "query": "INSERT INTO `_DBPRF_woocommerce_order_itemmeta` (`order_item_id`, `meta_key`, `meta_value`) VALUES ('514', '_tax_class', '')"}
2020/12/30 08:13:42 : {"type": "insert", "query": "INSERT INTO `_DBPRF_woocommerce_order_itemmeta` (`order_item_id`, `meta_key`, `meta_value`) VALUES ('514', '_product_id', 0)"}
2020/12/30 08:13:42 : {"type": "insert", "query": "INSERT INTO `_DBPRF_woocommerce_order_itemmeta` (`order_item_id`, `meta_key`, `meta_value`) VALUES ('514', '_variation_id', '')"}
2020/12/30 08:13:42 : {"type": "insert", "query": "INSERT INTO `_DBPRF_woocommerce_order_itemmeta` (`order_item_id`, `meta_key`, `meta_value`) VALUES ('514', '_line_subtotal', '26.5665')"}
2020/12/30 08:13:42 : {"type": "insert", "query": "INSERT INTO `_DBPRF_woocommerce_order_itemmeta` (`order_item_id`, `meta_key`, `meta_value`) VALUES ('514', '_line_total', '26.5665')"}
2020/12/30 08:13:42 : {"type": "insert", "query": "INSERT INTO `_DBPRF_woocommerce_order_itemmeta` (`order_item_id`, `meta_key`, `meta_value`) VALUES ('514', '_line_subtotal_tax', 0)"}
2020/12/30 08:13:42 : {"type": "insert", "query": "INSERT INTO `_DBPRF_woocommerce_order_itemmeta` (`order_item_id`, `meta_key`, `meta_value`) VALUES ('514', '_line_tax', 0)"}
2020/12/30 08:13:42 : {"type": "insert", "query": "INSERT INTO `_DBPRF_woocommerce_order_itemmeta` (`order_item_id`, `meta_key`, `meta_value`) VALUES ('514', '_line_tax_data', 'a:2:{s:5:\\\"total\\\";i:0;s:8:\\\"subtotal\\\";i:0;}')"}
