2020/12/20 09:37:22 : image: http://localhost/customcart/images/BSNIDESS1.39CHCOPW-100.png 404
2020/12/20 09:37:31 : image: http://localhost/customcart/images/BSNIDESS1.39VANNPW-100.png 404
2020/12/20 09:37:36 : image: http://localhost/customcart/images/chpultmtchoc60ct-s.png 404
2020/12/20 09:37:39 : image: http://localhost/customcart/images/CHMPNULC0060CHOCPK-s.png 404
2020/12/20 09:37:45 : image: http://localhost/customcart/images/chpultmtlcvan60ct-s.png 404
2020/12/20 09:37:51 : image: http://localhost/customcart/images/chpultrametstrw60ct-s.png 404
2020/12/20 09:37:59 : image: http://localhost/customcart/images/chpultrmtvan60ct-s.png 404
2020/12/20 09:38:07 : image: http://localhost/customcart/images/clfbarbberrycrsp12ct-s.png 404
2020/12/20 09:38:11 : image: http://localhost/customcart/images/CLIFBUIL0012PEANBR-s.png 404
2020/12/20 09:38:14 : image: http://localhost/customcart/images/clfbarchocchip12ct-s.png 404
2020/12/20 09:38:18 : image: http://localhost/customcart/images/clflunaoatmeal12ct-s.png 404
2020/12/20 09:38:21 : image: http://localhost/customcart/images/CSPTCMAX01.5CITRPW-s.png 404
2020/12/20 09:38:25 : image: http://localhost/customcart/images/CSPTCMAX01.5ORGEPW1-s.png 404
2020/12/20 09:38:28 : image: http://localhost/customcart/images/CSPTEVOP2.25VANNPW-100.png 404
2020/12/20 09:38:31 : image: http://localhost/customcart/images/cysfasttwtchlem2lb-s.png 404
2020/12/20 09:38:34 : image: http://localhost/customcart/images/cysfasttwtchgrp2lb-s.png 404
2020/12/20 09:38:37 : image: http://localhost/customcart/images/cysfasttwtchlem2lb-s.png 404
2020/12/20 09:38:40 : image: http://localhost/customcart/images/cysmmcksncrm5lb-s.png 404
2020/12/20 09:38:43 : image: http://localhost/customcart/images/cysmmbarchocpntcarml8ct-s.png 404
2020/12/20 09:38:51 : image: http://localhost/customcart/images/cysmmbarvantoffcrnch8ct-s.png 404
