2020/12/20 09:37:23 : http://localhost/customcart/images/BSNIDESS1.39CHCOPW-100.png
2020/12/20 09:37:31 : http://localhost/customcart/images/BSNIDESS1.39VANNPW-100.png
2020/12/20 09:37:36 : http://localhost/customcart/images/chpultmtchoc60ct-s.png
2020/12/20 09:37:39 : http://localhost/customcart/images/CHMPNULC0060CHOCPK-s.png
2020/12/20 09:37:46 : http://localhost/customcart/images/chpultmtlcvan60ct-s.png
2020/12/20 09:37:52 : http://localhost/customcart/images/chpultrametstrw60ct-s.png
2020/12/20 09:37:59 : http://localhost/customcart/images/chpultrmtvan60ct-s.png
2020/12/20 09:38:07 : http://localhost/customcart/images/clfbarbberrycrsp12ct-s.png
2020/12/20 09:38:11 : http://localhost/customcart/images/CLIFBUIL0012PEANBR-s.png
2020/12/20 09:38:14 : http://localhost/customcart/images/clfbarchocchip12ct-s.png
2020/12/20 09:38:18 : http://localhost/customcart/images/clflunaoatmeal12ct-s.png
2020/12/20 09:38:21 : http://localhost/customcart/images/CSPTCMAX01.5CITRPW-s.png
2020/12/20 09:38:25 : http://localhost/customcart/images/CSPTCMAX01.5ORGEPW1-s.png
2020/12/20 09:38:28 : http://localhost/customcart/images/CSPTEVOP2.25VANNPW-100.png
2020/12/20 09:38:31 : http://localhost/customcart/images/cysfasttwtchlem2lb-s.png
2020/12/20 09:38:34 : http://localhost/customcart/images/cysfasttwtchgrp2lb-s.png
2020/12/20 09:38:37 : http://localhost/customcart/images/cysfasttwtchlem2lb-s.png
2020/12/20 09:38:40 : http://localhost/customcart/images/cysmmcksncrm5lb-s.png
2020/12/20 09:38:44 : http://localhost/customcart/images/cysmmbarchocpntcarml8ct-s.png
2020/12/20 09:38:51 : http://localhost/customcart/images/cysmmbarvantoffcrnch8ct-s.png
