2020/12/20 18:43:01 : http://localhost/customcart/images/BSNIDESS1.39CHCOPW-100.png
2020/12/20 18:43:04 : http://localhost/customcart/images/BSNIDESS1.39VANNPW-100.png
2020/12/20 18:43:07 : http://localhost/customcart/images/chpultmtchoc60ct-s.png
2020/12/20 18:43:10 : http://localhost/customcart/images/CHMPNULC0060CHOCPK-s.png
2020/12/20 18:43:12 : http://localhost/customcart/images/chpultmtlcvan60ct-s.png
2020/12/20 18:43:15 : http://localhost/customcart/images/chpultrametstrw60ct-s.png
2020/12/20 18:43:17 : http://localhost/customcart/images/chpultrmtvan60ct-s.png
2020/12/20 18:43:19 : http://localhost/customcart/images/clfbarbberrycrsp12ct-s.png
2020/12/20 18:43:22 : http://localhost/customcart/images/CLIFBUIL0012PEANBR-s.png
2020/12/20 18:43:24 : http://localhost/customcart/images/clfbarchocchip12ct-s.png
2020/12/20 18:43:26 : http://localhost/customcart/images/clflunaoatmeal12ct-s.png
2020/12/20 18:43:29 : http://localhost/customcart/images/CSPTCMAX01.5CITRPW-s.png
2020/12/20 18:43:31 : http://localhost/customcart/images/CSPTCMAX01.5ORGEPW1-s.png
2020/12/20 18:43:33 : http://localhost/customcart/images/CSPTEVOP2.25VANNPW-100.png
2020/12/20 18:43:35 : http://localhost/customcart/images/cysfasttwtchlem2lb-s.png
2020/12/20 18:43:38 : http://localhost/customcart/images/cysfasttwtchgrp2lb-s.png
2020/12/20 18:43:40 : http://localhost/customcart/images/cysfasttwtchlem2lb-s.png
2020/12/20 18:43:42 : http://localhost/customcart/images/cysmmcksncrm5lb-s.png
2020/12/20 18:43:45 : http://localhost/customcart/images/cysmmbarchocpntcarml8ct-s.png
2020/12/20 18:43:47 : http://localhost/customcart/images/cysmmbarvantoffcrnch8ct-s.png
