2020/12/20 18:46:01 : image: http://localhost/customcart/images/BSNIDESS1.39CHCOPW-100.png 404
2020/12/20 18:46:04 : image: http://localhost/customcart/images/BSNIDESS1.39VANNPW-100.png 404
2020/12/20 18:46:06 : image: http://localhost/customcart/images/chpultmtchoc60ct-s.png 404
2020/12/20 18:46:09 : image: http://localhost/customcart/images/CHMPNULC0060CHOCPK-s.png 404
2020/12/20 18:46:11 : image: http://localhost/customcart/images/chpultmtlcvan60ct-s.png 404
2020/12/20 18:46:13 : image: http://localhost/customcart/images/chpultrametstrw60ct-s.png 404
2020/12/20 18:46:16 : image: http://localhost/customcart/images/chpultrmtvan60ct-s.png 404
2020/12/20 18:46:18 : image: http://localhost/customcart/images/clfbarbberrycrsp12ct-s.png 404
2020/12/20 18:46:21 : image: http://localhost/customcart/images/CLIFBUIL0012PEANBR-s.png 404
2020/12/20 18:46:23 : image: http://localhost/customcart/images/clfbarchocchip12ct-s.png 404
2020/12/20 18:46:25 : image: http://localhost/customcart/images/clflunaoatmeal12ct-s.png 404
2020/12/20 18:46:27 : image: http://localhost/customcart/images/CSPTCMAX01.5CITRPW-s.png 404
2020/12/20 18:46:30 : image: http://localhost/customcart/images/CSPTCMAX01.5ORGEPW1-s.png 404
2020/12/20 18:46:31 : image: http://localhost/customcart/images/CSPTEVOP2.25VANNPW-100.png 404
2020/12/20 18:46:34 : image: http://localhost/customcart/images/cysfasttwtchlem2lb-s.png 404
2020/12/20 18:46:36 : image: http://localhost/customcart/images/cysfasttwtchgrp2lb-s.png 404
2020/12/20 18:46:39 : image: http://localhost/customcart/images/cysfasttwtchlem2lb-s.png 404
2020/12/20 18:46:41 : image: http://localhost/customcart/images/cysmmcksncrm5lb-s.png 404
2020/12/20 18:46:43 : image: http://localhost/customcart/images/cysmmbarchocpntcarml8ct-s.png 404
2020/12/20 18:46:46 : image: http://localhost/customcart/images/cysmmbarvantoffcrnch8ct-s.png 404
