2020/12/20 18:46:01 : http://localhost/customcart/images/BSNIDESS1.39CHCOPW-100.png
2020/12/20 18:46:04 : http://localhost/customcart/images/BSNIDESS1.39VANNPW-100.png
2020/12/20 18:46:07 : http://localhost/customcart/images/chpultmtchoc60ct-s.png
2020/12/20 18:46:09 : http://localhost/customcart/images/CHMPNULC0060CHOCPK-s.png
2020/12/20 18:46:11 : http://localhost/customcart/images/chpultmtlcvan60ct-s.png
2020/12/20 18:46:13 : http://localhost/customcart/images/chpultrametstrw60ct-s.png
2020/12/20 18:46:16 : http://localhost/customcart/images/chpultrmtvan60ct-s.png
2020/12/20 18:46:18 : http://localhost/customcart/images/clfbarbberrycrsp12ct-s.png
2020/12/20 18:46:21 : http://localhost/customcart/images/CLIFBUIL0012PEANBR-s.png
2020/12/20 18:46:23 : http://localhost/customcart/images/clfbarchocchip12ct-s.png
2020/12/20 18:46:25 : http://localhost/customcart/images/clflunaoatmeal12ct-s.png
2020/12/20 18:46:27 : http://localhost/customcart/images/CSPTCMAX01.5CITRPW-s.png
2020/12/20 18:46:30 : http://localhost/customcart/images/CSPTCMAX01.5ORGEPW1-s.png
2020/12/20 18:46:31 : http://localhost/customcart/images/CSPTEVOP2.25VANNPW-100.png
2020/12/20 18:46:34 : http://localhost/customcart/images/cysfasttwtchlem2lb-s.png
2020/12/20 18:46:36 : http://localhost/customcart/images/cysfasttwtchgrp2lb-s.png
2020/12/20 18:46:39 : http://localhost/customcart/images/cysfasttwtchlem2lb-s.png
2020/12/20 18:46:41 : http://localhost/customcart/images/cysmmcksncrm5lb-s.png
2020/12/20 18:46:43 : http://localhost/customcart/images/cysmmbarchocpntcarml8ct-s.png
2020/12/20 18:46:46 : http://localhost/customcart/images/cysmmbarvantoffcrnch8ct-s.png
