2020/12/30 08:09:56 : {"type": "insert", "query": "INSERT INTO `_DBPRF_woocommerce_order_itemmeta` (`order_item_id`, `meta_key`, `meta_value`) VALUES ('495', '_qty', '1')"}
2020/12/30 08:09:56 : {"type": "insert", "query": "INSERT INTO `_DBPRF_woocommerce_order_itemmeta` (`order_item_id`, `meta_key`, `meta_value`) VALUES ('495', '_tax_class', '')"}
2020/12/30 08:09:56 : {"type": "insert", "query": "INSERT INTO `_DBPRF_woocommerce_order_itemmeta` (`order_item_id`, `meta_key`, `meta_value`) VALUES ('495', '_product_id', 0)"}
2020/12/30 08:09:56 : {"type": "insert", "query": "INSERT INTO `_DBPRF_woocommerce_order_itemmeta` (`order_item_id`, `meta_key`, `meta_value`) VALUES ('495', '_variation_id', '')"}
2020/12/30 08:09:56 : {"type": "insert", "query": "INSERT INTO `_DBPRF_woocommerce_order_itemmeta` (`order_item_id`, `meta_key`, `meta_value`) VALUES ('495', '_line_subtotal', '0.0000')"}
2020/12/30 08:09:56 : {"type": "insert", "query": "INSERT INTO `_DBPRF_woocommerce_order_itemmeta` (`order_item_id`, `meta_key`, `meta_value`) VALUES ('495', '_line_total', '0.0000')"}
2020/12/30 08:09:56 : {"type": "insert", "query": "INSERT INTO `_DBPRF_woocommerce_order_itemmeta` (`order_item_id`, `meta_key`, `meta_value`) VALUES ('495', '_line_subtotal_tax', 0)"}
2020/12/30 08:09:56 : {"type": "insert", "query": "INSERT INTO `_DBPRF_woocommerce_order_itemmeta` (`order_item_id`, `meta_key`, `meta_value`) VALUES ('495', '_line_tax', 0)"}
2020/12/30 08:09:56 : {"type": "insert", "query": "INSERT INTO `_DBPRF_woocommerce_order_itemmeta` (`order_item_id`, `meta_key`, `meta_value`) VALUES ('495', '_line_tax_data', 'a:2:{s:5:\\\"total\\\";i:0;s:8:\\\"subtotal\\\";i:0;}')"}
2020/12/30 08:09:56 : {"type": "insert", "query": "INSERT INTO `_DBPRF_woocommerce_order_itemmeta` (`order_item_id`, `meta_key`, `meta_value`) VALUES ('496', '_qty', '1')"}
2020/12/30 08:09:56 : {"type": "insert", "query": "INSERT INTO `_DBPRF_woocommerce_order_itemmeta` (`order_item_id`, `meta_key`, `meta_value`) VALUES ('496', '_tax_class', '')"}
2020/12/30 08:09:56 : {"type": "insert", "query": "INSERT INTO `_DBPRF_woocommerce_order_itemmeta` (`order_item_id`, `meta_key`, `meta_value`) VALUES ('496', '_product_id', 0)"}
2020/12/30 08:09:56 : {"type": "insert", "query": "INSERT INTO `_DBPRF_woocommerce_order_itemmeta` (`order_item_id`, `meta_key`, `meta_value`) VALUES ('496', '_variation_id', '')"}
2020/12/30 08:09:56 : {"type": "insert", "query": "INSERT INTO `_DBPRF_woocommerce_order_itemmeta` (`order_item_id`, `meta_key`, `meta_value`) VALUES ('496', '_line_subtotal', '0.0000')"}
2020/12/30 08:09:56 : {"type": "insert", "query": "INSERT INTO `_DBPRF_woocommerce_order_itemmeta` (`order_item_id`, `meta_key`, `meta_value`) VALUES ('496', '_line_total', '0.0000')"}
2020/12/30 08:09:56 : {"type": "insert", "query": "INSERT INTO `_DBPRF_woocommerce_order_itemmeta` (`order_item_id`, `meta_key`, `meta_value`) VALUES ('496', '_line_subtotal_tax', 0)"}
2020/12/30 08:09:56 : {"type": "insert", "query": "INSERT INTO `_DBPRF_woocommerce_order_itemmeta` (`order_item_id`, `meta_key`, `meta_value`) VALUES ('496', '_line_tax', 0)"}
2020/12/30 08:09:56 : {"type": "insert", "query": "INSERT INTO `_DBPRF_woocommerce_order_itemmeta` (`order_item_id`, `meta_key`, `meta_value`) VALUES ('496', '_line_tax_data', 'a:2:{s:5:\\\"total\\\";i:0;s:8:\\\"subtotal\\\";i:0;}')"}
2020/12/30 08:09:56 : {"type": "insert", "query": "INSERT INTO `_DBPRF_woocommerce_order_itemmeta` (`order_item_id`, `meta_key`, `meta_value`) VALUES ('497', '_qty', '1')"}
2020/12/30 08:09:56 : {"type": "insert", "query": "INSERT INTO `_DBPRF_woocommerce_order_itemmeta` (`order_item_id`, `meta_key`, `meta_value`) VALUES ('497', '_tax_class', '')"}
2020/12/30 08:09:56 : {"type": "insert", "query": "INSERT INTO `_DBPRF_woocommerce_order_itemmeta` (`order_item_id`, `meta_key`, `meta_value`) VALUES ('497', '_product_id', 0)"}
2020/12/30 08:09:56 : {"type": "insert", "query": "INSERT INTO `_DBPRF_woocommerce_order_itemmeta` (`order_item_id`, `meta_key`, `meta_value`) VALUES ('497', '_variation_id', '')"}
2020/12/30 08:09:56 : {"type": "insert", "query": "INSERT INTO `_DBPRF_woocommerce_order_itemmeta` (`order_item_id`, `meta_key`, `meta_value`) VALUES ('497', '_line_subtotal', '0.0000')"}
2020/12/30 08:09:56 : {"type": "insert", "query": "INSERT INTO `_DBPRF_woocommerce_order_itemmeta` (`order_item_id`, `meta_key`, `meta_value`) VALUES ('497', '_line_total', '0.0000')"}
2020/12/30 08:09:56 : {"type": "insert", "query": "INSERT INTO `_DBPRF_woocommerce_order_itemmeta` (`order_item_id`, `meta_key`, `meta_value`) VALUES ('497', '_line_subtotal_tax', 0)"}
2020/12/30 08:09:56 : {"type": "insert", "query": "INSERT INTO `_DBPRF_woocommerce_order_itemmeta` (`order_item_id`, `meta_key`, `meta_value`) VALUES ('497', '_line_tax', 0)"}
2020/12/30 08:09:56 : {"type": "insert", "query": "INSERT INTO `_DBPRF_woocommerce_order_itemmeta` (`order_item_id`, `meta_key`, `meta_value`) VALUES ('497', '_line_tax_data', 'a:2:{s:5:\\\"total\\\";i:0;s:8:\\\"subtotal\\\";i:0;}')"}
2020/12/30 08:09:56 : {"type": "insert", "query": "INSERT INTO `_DBPRF_woocommerce_order_itemmeta` (`order_item_id`, `meta_key`, `meta_value`) VALUES ('498', '_qty', '1')"}
2020/12/30 08:09:56 : {"type": "insert", "query": "INSERT INTO `_DBPRF_woocommerce_order_itemmeta` (`order_item_id`, `meta_key`, `meta_value`) VALUES ('498', '_tax_class', '')"}
2020/12/30 08:09:56 : {"type": "insert", "query": "INSERT INTO `_DBPRF_woocommerce_order_itemmeta` (`order_item_id`, `meta_key`, `meta_value`) VALUES ('498', '_product_id', 0)"}
2020/12/30 08:09:56 : {"type": "insert", "query": "INSERT INTO `_DBPRF_woocommerce_order_itemmeta` (`order_item_id`, `meta_key`, `meta_value`) VALUES ('498', '_variation_id', '')"}
2020/12/30 08:09:56 : {"type": "insert", "query": "INSERT INTO `_DBPRF_woocommerce_order_itemmeta` (`order_item_id`, `meta_key`, `meta_value`) VALUES ('498', '_line_subtotal', '0.0000')"}
2020/12/30 08:09:56 : {"type": "insert", "query": "INSERT INTO `_DBPRF_woocommerce_order_itemmeta` (`order_item_id`, `meta_key`, `meta_value`) VALUES ('498', '_line_total', '0.0000')"}
2020/12/30 08:09:56 : {"type": "insert", "query": "INSERT INTO `_DBPRF_woocommerce_order_itemmeta` (`order_item_id`, `meta_key`, `meta_value`) VALUES ('498', '_line_subtotal_tax', 0)"}
2020/12/30 08:09:56 : {"type": "insert", "query": "INSERT INTO `_DBPRF_woocommerce_order_itemmeta` (`order_item_id`, `meta_key`, `meta_value`) VALUES ('498', '_line_tax', 0)"}
2020/12/30 08:09:56 : {"type": "insert", "query": "INSERT INTO `_DBPRF_woocommerce_order_itemmeta` (`order_item_id`, `meta_key`, `meta_value`) VALUES ('498', '_line_tax_data', 'a:2:{s:5:\\\"total\\\";i:0;s:8:\\\"subtotal\\\";i:0;}')"}
2020/12/30 08:09:56 : {"type": "insert", "query": "INSERT INTO `_DBPRF_woocommerce_order_itemmeta` (`order_item_id`, `meta_key`, `meta_value`) VALUES ('499', '_qty', '1')"}
2020/12/30 08:09:56 : {"type": "insert", "query": "INSERT INTO `_DBPRF_woocommerce_order_itemmeta` (`order_item_id`, `meta_key`, `meta_value`) VALUES ('499', '_tax_class', '')"}
2020/12/30 08:09:56 : {"type": "insert", "query": "INSERT INTO `_DBPRF_woocommerce_order_itemmeta` (`order_item_id`, `meta_key`, `meta_value`) VALUES ('499', '_product_id', 0)"}
2020/12/30 08:09:56 : {"type": "insert", "query": "INSERT INTO `_DBPRF_woocommerce_order_itemmeta` (`order_item_id`, `meta_key`, `meta_value`) VALUES ('499', '_variation_id', '')"}
2020/12/30 08:09:56 : {"type": "insert", "query": "INSERT INTO `_DBPRF_woocommerce_order_itemmeta` (`order_item_id`, `meta_key`, `meta_value`) VALUES ('499', '_line_subtotal', '0.0000')"}
2020/12/30 08:09:56 : {"type": "insert", "query": "INSERT INTO `_DBPRF_woocommerce_order_itemmeta` (`order_item_id`, `meta_key`, `meta_value`) VALUES ('499', '_line_total', '0.0000')"}
2020/12/30 08:09:56 : {"type": "insert", "query": "INSERT INTO `_DBPRF_woocommerce_order_itemmeta` (`order_item_id`, `meta_key`, `meta_value`) VALUES ('499', '_line_subtotal_tax', 0)"}
2020/12/30 08:09:56 : {"type": "insert", "query": "INSERT INTO `_DBPRF_woocommerce_order_itemmeta` (`order_item_id`, `meta_key`, `meta_value`) VALUES ('499', '_line_tax', 0)"}
2020/12/30 08:09:56 : {"type": "insert", "query": "INSERT INTO `_DBPRF_woocommerce_order_itemmeta` (`order_item_id`, `meta_key`, `meta_value`) VALUES ('499', '_line_tax_data', 'a:2:{s:5:\\\"total\\\";i:0;s:8:\\\"subtotal\\\";i:0;}')"}
2020/12/30 08:09:57 : {"type": "insert", "query": "INSERT INTO `_DBPRF_woocommerce_order_itemmeta` (`order_item_id`, `meta_key`, `meta_value`) VALUES ('500', '_qty', '1')"}
2020/12/30 08:09:57 : {"type": "insert", "query": "INSERT INTO `_DBPRF_woocommerce_order_itemmeta` (`order_item_id`, `meta_key`, `meta_value`) VALUES ('500', '_tax_class', '')"}
2020/12/30 08:09:57 : {"type": "insert", "query": "INSERT INTO `_DBPRF_woocommerce_order_itemmeta` (`order_item_id`, `meta_key`, `meta_value`) VALUES ('500', '_product_id', 0)"}
2020/12/30 08:09:57 : {"type": "insert", "query": "INSERT INTO `_DBPRF_woocommerce_order_itemmeta` (`order_item_id`, `meta_key`, `meta_value`) VALUES ('500', '_variation_id', '')"}
2020/12/30 08:09:57 : {"type": "insert", "query": "INSERT INTO `_DBPRF_woocommerce_order_itemmeta` (`order_item_id`, `meta_key`, `meta_value`) VALUES ('500', '_line_subtotal', '32.989')"}
2020/12/30 08:09:57 : {"type": "insert", "query": "INSERT INTO `_DBPRF_woocommerce_order_itemmeta` (`order_item_id`, `meta_key`, `meta_value`) VALUES ('500', '_line_total', '32.989')"}
2020/12/30 08:09:57 : {"type": "insert", "query": "INSERT INTO `_DBPRF_woocommerce_order_itemmeta` (`order_item_id`, `meta_key`, `meta_value`) VALUES ('500', '_line_subtotal_tax', 0)"}
2020/12/30 08:09:57 : {"type": "insert", "query": "INSERT INTO `_DBPRF_woocommerce_order_itemmeta` (`order_item_id`, `meta_key`, `meta_value`) VALUES ('500', '_line_tax', 0)"}
2020/12/30 08:09:57 : {"type": "insert", "query": "INSERT INTO `_DBPRF_woocommerce_order_itemmeta` (`order_item_id`, `meta_key`, `meta_value`) VALUES ('500', '_line_tax_data', 'a:2:{s:5:\\\"total\\\";i:0;s:8:\\\"subtotal\\\";i:0;}')"}
2020/12/30 08:09:57 : {"type": "insert", "query": "INSERT INTO `_DBPRF_woocommerce_order_itemmeta` (`order_item_id`, `meta_key`, `meta_value`) VALUES ('501', '_qty', '1')"}
2020/12/30 08:09:57 : {"type": "insert", "query": "INSERT INTO `_DBPRF_woocommerce_order_itemmeta` (`order_item_id`, `meta_key`, `meta_value`) VALUES ('501', '_tax_class', '')"}
2020/12/30 08:09:57 : {"type": "insert", "query": "INSERT INTO `_DBPRF_woocommerce_order_itemmeta` (`order_item_id`, `meta_key`, `meta_value`) VALUES ('501', '_product_id', 0)"}
2020/12/30 08:09:57 : {"type": "insert", "query": "INSERT INTO `_DBPRF_woocommerce_order_itemmeta` (`order_item_id`, `meta_key`, `meta_value`) VALUES ('501', '_variation_id', '')"}
2020/12/30 08:09:57 : {"type": "insert", "query": "INSERT INTO `_DBPRF_woocommerce_order_itemmeta` (`order_item_id`, `meta_key`, `meta_value`) VALUES ('501', '_line_subtotal', '26.5665')"}
2020/12/30 08:09:57 : {"type": "insert", "query": "INSERT INTO `_DBPRF_woocommerce_order_itemmeta` (`order_item_id`, `meta_key`, `meta_value`) VALUES ('501', '_line_total', '26.5665')"}
2020/12/30 08:09:57 : {"type": "insert", "query": "INSERT INTO `_DBPRF_woocommerce_order_itemmeta` (`order_item_id`, `meta_key`, `meta_value`) VALUES ('501', '_line_subtotal_tax', 0)"}
2020/12/30 08:09:57 : {"type": "insert", "query": "INSERT INTO `_DBPRF_woocommerce_order_itemmeta` (`order_item_id`, `meta_key`, `meta_value`) VALUES ('501', '_line_tax', 0)"}
2020/12/30 08:09:57 : {"type": "insert", "query": "INSERT INTO `_DBPRF_woocommerce_order_itemmeta` (`order_item_id`, `meta_key`, `meta_value`) VALUES ('501', '_line_tax_data', 'a:2:{s:5:\\\"total\\\";i:0;s:8:\\\"subtotal\\\";i:0;}')"}
2020/12/30 08:09:57 : {"type": "insert", "query": "INSERT INTO `_DBPRF_woocommerce_order_itemmeta` (`order_item_id`, `meta_key`, `meta_value`) VALUES ('502', '_qty', '1')"}
2020/12/30 08:09:57 : {"type": "insert", "query": "INSERT INTO `_DBPRF_woocommerce_order_itemmeta` (`order_item_id`, `meta_key`, `meta_value`) VALUES ('502', '_tax_class', '')"}
2020/12/30 08:09:57 : {"type": "insert", "query": "INSERT INTO `_DBPRF_woocommerce_order_itemmeta` (`order_item_id`, `meta_key`, `meta_value`) VALUES ('502', '_product_id', 0)"}
2020/12/30 08:09:57 : {"type": "insert", "query": "INSERT INTO `_DBPRF_woocommerce_order_itemmeta` (`order_item_id`, `meta_key`, `meta_value`) VALUES ('502', '_variation_id', '')"}
2020/12/30 08:09:57 : {"type": "insert", "query": "INSERT INTO `_DBPRF_woocommerce_order_itemmeta` (`order_item_id`, `meta_key`, `meta_value`) VALUES ('502', '_line_subtotal', '24.03')"}
2020/12/30 08:09:57 : {"type": "insert", "query": "INSERT INTO `_DBPRF_woocommerce_order_itemmeta` (`order_item_id`, `meta_key`, `meta_value`) VALUES ('502', '_line_total', '24.03')"}
2020/12/30 08:09:57 : {"type": "insert", "query": "INSERT INTO `_DBPRF_woocommerce_order_itemmeta` (`order_item_id`, `meta_key`, `meta_value`) VALUES ('502', '_line_subtotal_tax', 0)"}
2020/12/30 08:09:57 : {"type": "insert", "query": "INSERT INTO `_DBPRF_woocommerce_order_itemmeta` (`order_item_id`, `meta_key`, `meta_value`) VALUES ('502', '_line_tax', 0)"}
2020/12/30 08:09:57 : {"type": "insert", "query": "INSERT INTO `_DBPRF_woocommerce_order_itemmeta` (`order_item_id`, `meta_key`, `meta_value`) VALUES ('502', '_line_tax_data', 'a:2:{s:5:\\\"total\\\";i:0;s:8:\\\"subtotal\\\";i:0;}')"}
2020/12/30 08:09:58 : {"type": "insert", "query": "INSERT INTO `_DBPRF_woocommerce_order_itemmeta` (`order_item_id`, `meta_key`, `meta_value`) VALUES ('503', '_qty', '1')"}
2020/12/30 08:09:58 : {"type": "insert", "query": "INSERT INTO `_DBPRF_woocommerce_order_itemmeta` (`order_item_id`, `meta_key`, `meta_value`) VALUES ('503', '_tax_class', '')"}
2020/12/30 08:09:58 : {"type": "insert", "query": "INSERT INTO `_DBPRF_woocommerce_order_itemmeta` (`order_item_id`, `meta_key`, `meta_value`) VALUES ('503', '_product_id', 0)"}
2020/12/30 08:09:58 : {"type": "insert", "query": "INSERT INTO `_DBPRF_woocommerce_order_itemmeta` (`order_item_id`, `meta_key`, `meta_value`) VALUES ('503', '_variation_id', '')"}
2020/12/30 08:09:58 : {"type": "insert", "query": "INSERT INTO `_DBPRF_woocommerce_order_itemmeta` (`order_item_id`, `meta_key`, `meta_value`) VALUES ('503', '_line_subtotal', '26.5665')"}
2020/12/30 08:09:58 : {"type": "insert", "query": "INSERT INTO `_DBPRF_woocommerce_order_itemmeta` (`order_item_id`, `meta_key`, `meta_value`) VALUES ('503', '_line_total', '26.5665')"}
2020/12/30 08:09:58 : {"type": "insert", "query": "INSERT INTO `_DBPRF_woocommerce_order_itemmeta` (`order_item_id`, `meta_key`, `meta_value`) VALUES ('503', '_line_subtotal_tax', 0)"}
2020/12/30 08:09:58 : {"type": "insert", "query": "INSERT INTO `_DBPRF_woocommerce_order_itemmeta` (`order_item_id`, `meta_key`, `meta_value`) VALUES ('503', '_line_tax', 0)"}
2020/12/30 08:09:58 : {"type": "insert", "query": "INSERT INTO `_DBPRF_woocommerce_order_itemmeta` (`order_item_id`, `meta_key`, `meta_value`) VALUES ('503', '_line_tax_data', 'a:2:{s:5:\\\"total\\\";i:0;s:8:\\\"subtotal\\\";i:0;}')"}
2020/12/30 08:09:58 : {"type": "insert", "query": "INSERT INTO `_DBPRF_woocommerce_order_itemmeta` (`order_item_id`, `meta_key`, `meta_value`) VALUES ('504', '_qty', '1')"}
2020/12/30 08:09:58 : {"type": "insert", "query": "INSERT INTO `_DBPRF_woocommerce_order_itemmeta` (`order_item_id`, `meta_key`, `meta_value`) VALUES ('504', '_tax_class', '')"}
2020/12/30 08:09:58 : {"type": "insert", "query": "INSERT INTO `_DBPRF_woocommerce_order_itemmeta` (`order_item_id`, `meta_key`, `meta_value`) VALUES ('504', '_product_id', 0)"}
2020/12/30 08:09:58 : {"type": "insert", "query": "INSERT INTO `_DBPRF_woocommerce_order_itemmeta` (`order_item_id`, `meta_key`, `meta_value`) VALUES ('504', '_variation_id', '')"}
2020/12/30 08:09:58 : {"type": "insert", "query": "INSERT INTO `_DBPRF_woocommerce_order_itemmeta` (`order_item_id`, `meta_key`, `meta_value`) VALUES ('504', '_line_subtotal', '26.5665')"}
2020/12/30 08:09:58 : {"type": "insert", "query": "INSERT INTO `_DBPRF_woocommerce_order_itemmeta` (`order_item_id`, `meta_key`, `meta_value`) VALUES ('504', '_line_total', '26.5665')"}
2020/12/30 08:09:58 : {"type": "insert", "query": "INSERT INTO `_DBPRF_woocommerce_order_itemmeta` (`order_item_id`, `meta_key`, `meta_value`) VALUES ('504', '_line_subtotal_tax', 0)"}
2020/12/30 08:09:58 : {"type": "insert", "query": "INSERT INTO `_DBPRF_woocommerce_order_itemmeta` (`order_item_id`, `meta_key`, `meta_value`) VALUES ('504', '_line_tax', 0)"}
2020/12/30 08:09:58 : {"type": "insert", "query": "INSERT INTO `_DBPRF_woocommerce_order_itemmeta` (`order_item_id`, `meta_key`, `meta_value`) VALUES ('504', '_line_tax_data', 'a:2:{s:5:\\\"total\\\";i:0;s:8:\\\"subtotal\\\";i:0;}')"}
