2020/12/30 08:15:45 : {"type": "insert", "query": "INSERT INTO `_DBPRF_woocommerce_order_itemmeta` (`order_item_id`, `meta_key`, `meta_value`) VALUES ('515', '_qty', '1')"}
2020/12/30 08:15:45 : {"type": "insert", "query": "INSERT INTO `_DBPRF_woocommerce_order_itemmeta` (`order_item_id`, `meta_key`, `meta_value`) VALUES ('515', '_tax_class', '')"}
2020/12/30 08:15:45 : {"type": "insert", "query": "INSERT INTO `_DBPRF_woocommerce_order_itemmeta` (`order_item_id`, `meta_key`, `meta_value`) VALUES ('515', '_product_id', 0)"}
2020/12/30 08:15:45 : {"type": "insert", "query": "INSERT INTO `_DBPRF_woocommerce_order_itemmeta` (`order_item_id`, `meta_key`, `meta_value`) VALUES ('515', '_variation_id', '')"}
2020/12/30 08:15:45 : {"type": "insert", "query": "INSERT INTO `_DBPRF_woocommerce_order_itemmeta` (`order_item_id`, `meta_key`, `meta_value`) VALUES ('515', '_line_subtotal', '0.0000')"}
2020/12/30 08:15:45 : {"type": "insert", "query": "INSERT INTO `_DBPRF_woocommerce_order_itemmeta` (`order_item_id`, `meta_key`, `meta_value`) VALUES ('515', '_line_total', '0.0000')"}
2020/12/30 08:15:45 : {"type": "insert", "query": "INSERT INTO `_DBPRF_woocommerce_order_itemmeta` (`order_item_id`, `meta_key`, `meta_value`) VALUES ('515', '_line_subtotal_tax', 0)"}
2020/12/30 08:15:45 : {"type": "insert", "query": "INSERT INTO `_DBPRF_woocommerce_order_itemmeta` (`order_item_id`, `meta_key`, `meta_value`) VALUES ('515', '_line_tax', 0)"}
2020/12/30 08:15:45 : {"type": "insert", "query": "INSERT INTO `_DBPRF_woocommerce_order_itemmeta` (`order_item_id`, `meta_key`, `meta_value`) VALUES ('515', '_line_tax_data', 'a:2:{s:5:\\\"total\\\";i:0;s:8:\\\"subtotal\\\";i:0;}')"}
2020/12/30 08:15:45 : {"type": "insert", "query": "INSERT INTO `_DBPRF_woocommerce_order_itemmeta` (`order_item_id`, `meta_key`, `meta_value`) VALUES ('516', '_qty', '1')"}
2020/12/30 08:15:45 : {"type": "insert", "query": "INSERT INTO `_DBPRF_woocommerce_order_itemmeta` (`order_item_id`, `meta_key`, `meta_value`) VALUES ('516', '_tax_class', '')"}
2020/12/30 08:15:45 : {"type": "insert", "query": "INSERT INTO `_DBPRF_woocommerce_order_itemmeta` (`order_item_id`, `meta_key`, `meta_value`) VALUES ('516', '_product_id', 0)"}
2020/12/30 08:15:45 : {"type": "insert", "query": "INSERT INTO `_DBPRF_woocommerce_order_itemmeta` (`order_item_id`, `meta_key`, `meta_value`) VALUES ('516', '_variation_id', '')"}
2020/12/30 08:15:45 : {"type": "insert", "query": "INSERT INTO `_DBPRF_woocommerce_order_itemmeta` (`order_item_id`, `meta_key`, `meta_value`) VALUES ('516', '_line_subtotal', '0.0000')"}
2020/12/30 08:15:45 : {"type": "insert", "query": "INSERT INTO `_DBPRF_woocommerce_order_itemmeta` (`order_item_id`, `meta_key`, `meta_value`) VALUES ('516', '_line_total', '0.0000')"}
2020/12/30 08:15:45 : {"type": "insert", "query": "INSERT INTO `_DBPRF_woocommerce_order_itemmeta` (`order_item_id`, `meta_key`, `meta_value`) VALUES ('516', '_line_subtotal_tax', 0)"}
2020/12/30 08:15:45 : {"type": "insert", "query": "INSERT INTO `_DBPRF_woocommerce_order_itemmeta` (`order_item_id`, `meta_key`, `meta_value`) VALUES ('516', '_line_tax', 0)"}
2020/12/30 08:15:45 : {"type": "insert", "query": "INSERT INTO `_DBPRF_woocommerce_order_itemmeta` (`order_item_id`, `meta_key`, `meta_value`) VALUES ('516', '_line_tax_data', 'a:2:{s:5:\\\"total\\\";i:0;s:8:\\\"subtotal\\\";i:0;}')"}
2020/12/30 08:15:45 : {"type": "insert", "query": "INSERT INTO `_DBPRF_woocommerce_order_itemmeta` (`order_item_id`, `meta_key`, `meta_value`) VALUES ('517', '_qty', '1')"}
2020/12/30 08:15:45 : {"type": "insert", "query": "INSERT INTO `_DBPRF_woocommerce_order_itemmeta` (`order_item_id`, `meta_key`, `meta_value`) VALUES ('517', '_tax_class', '')"}
2020/12/30 08:15:45 : {"type": "insert", "query": "INSERT INTO `_DBPRF_woocommerce_order_itemmeta` (`order_item_id`, `meta_key`, `meta_value`) VALUES ('517', '_product_id', 0)"}
2020/12/30 08:15:45 : {"type": "insert", "query": "INSERT INTO `_DBPRF_woocommerce_order_itemmeta` (`order_item_id`, `meta_key`, `meta_value`) VALUES ('517', '_variation_id', '')"}
2020/12/30 08:15:45 : {"type": "insert", "query": "INSERT INTO `_DBPRF_woocommerce_order_itemmeta` (`order_item_id`, `meta_key`, `meta_value`) VALUES ('517', '_line_subtotal', '0.0000')"}
2020/12/30 08:15:45 : {"type": "insert", "query": "INSERT INTO `_DBPRF_woocommerce_order_itemmeta` (`order_item_id`, `meta_key`, `meta_value`) VALUES ('517', '_line_total', '0.0000')"}
2020/12/30 08:15:45 : {"type": "insert", "query": "INSERT INTO `_DBPRF_woocommerce_order_itemmeta` (`order_item_id`, `meta_key`, `meta_value`) VALUES ('517', '_line_subtotal_tax', 0)"}
2020/12/30 08:15:45 : {"type": "insert", "query": "INSERT INTO `_DBPRF_woocommerce_order_itemmeta` (`order_item_id`, `meta_key`, `meta_value`) VALUES ('517', '_line_tax', 0)"}
2020/12/30 08:15:45 : {"type": "insert", "query": "INSERT INTO `_DBPRF_woocommerce_order_itemmeta` (`order_item_id`, `meta_key`, `meta_value`) VALUES ('517', '_line_tax_data', 'a:2:{s:5:\\\"total\\\";i:0;s:8:\\\"subtotal\\\";i:0;}')"}
2020/12/30 08:15:45 : {"type": "insert", "query": "INSERT INTO `_DBPRF_woocommerce_order_itemmeta` (`order_item_id`, `meta_key`, `meta_value`) VALUES ('518', '_qty', '1')"}
2020/12/30 08:15:45 : {"type": "insert", "query": "INSERT INTO `_DBPRF_woocommerce_order_itemmeta` (`order_item_id`, `meta_key`, `meta_value`) VALUES ('518', '_tax_class', '')"}
2020/12/30 08:15:45 : {"type": "insert", "query": "INSERT INTO `_DBPRF_woocommerce_order_itemmeta` (`order_item_id`, `meta_key`, `meta_value`) VALUES ('518', '_product_id', 0)"}
2020/12/30 08:15:45 : {"type": "insert", "query": "INSERT INTO `_DBPRF_woocommerce_order_itemmeta` (`order_item_id`, `meta_key`, `meta_value`) VALUES ('518', '_variation_id', '')"}
2020/12/30 08:15:45 : {"type": "insert", "query": "INSERT INTO `_DBPRF_woocommerce_order_itemmeta` (`order_item_id`, `meta_key`, `meta_value`) VALUES ('518', '_line_subtotal', '0.0000')"}
2020/12/30 08:15:45 : {"type": "insert", "query": "INSERT INTO `_DBPRF_woocommerce_order_itemmeta` (`order_item_id`, `meta_key`, `meta_value`) VALUES ('518', '_line_total', '0.0000')"}
2020/12/30 08:15:45 : {"type": "insert", "query": "INSERT INTO `_DBPRF_woocommerce_order_itemmeta` (`order_item_id`, `meta_key`, `meta_value`) VALUES ('518', '_line_subtotal_tax', 0)"}
2020/12/30 08:15:45 : {"type": "insert", "query": "INSERT INTO `_DBPRF_woocommerce_order_itemmeta` (`order_item_id`, `meta_key`, `meta_value`) VALUES ('518', '_line_tax', 0)"}
2020/12/30 08:15:45 : {"type": "insert", "query": "INSERT INTO `_DBPRF_woocommerce_order_itemmeta` (`order_item_id`, `meta_key`, `meta_value`) VALUES ('518', '_line_tax_data', 'a:2:{s:5:\\\"total\\\";i:0;s:8:\\\"subtotal\\\";i:0;}')"}
2020/12/30 08:15:45 : {"type": "insert", "query": "INSERT INTO `_DBPRF_woocommerce_order_itemmeta` (`order_item_id`, `meta_key`, `meta_value`) VALUES ('519', '_qty', '1')"}
2020/12/30 08:15:45 : {"type": "insert", "query": "INSERT INTO `_DBPRF_woocommerce_order_itemmeta` (`order_item_id`, `meta_key`, `meta_value`) VALUES ('519', '_tax_class', '')"}
2020/12/30 08:15:45 : {"type": "insert", "query": "INSERT INTO `_DBPRF_woocommerce_order_itemmeta` (`order_item_id`, `meta_key`, `meta_value`) VALUES ('519', '_product_id', 0)"}
2020/12/30 08:15:45 : {"type": "insert", "query": "INSERT INTO `_DBPRF_woocommerce_order_itemmeta` (`order_item_id`, `meta_key`, `meta_value`) VALUES ('519', '_variation_id', '')"}
2020/12/30 08:15:45 : {"type": "insert", "query": "INSERT INTO `_DBPRF_woocommerce_order_itemmeta` (`order_item_id`, `meta_key`, `meta_value`) VALUES ('519', '_line_subtotal', '0.0000')"}
2020/12/30 08:15:45 : {"type": "insert", "query": "INSERT INTO `_DBPRF_woocommerce_order_itemmeta` (`order_item_id`, `meta_key`, `meta_value`) VALUES ('519', '_line_total', '0.0000')"}
2020/12/30 08:15:45 : {"type": "insert", "query": "INSERT INTO `_DBPRF_woocommerce_order_itemmeta` (`order_item_id`, `meta_key`, `meta_value`) VALUES ('519', '_line_subtotal_tax', 0)"}
2020/12/30 08:15:45 : {"type": "insert", "query": "INSERT INTO `_DBPRF_woocommerce_order_itemmeta` (`order_item_id`, `meta_key`, `meta_value`) VALUES ('519', '_line_tax', 0)"}
2020/12/30 08:15:45 : {"type": "insert", "query": "INSERT INTO `_DBPRF_woocommerce_order_itemmeta` (`order_item_id`, `meta_key`, `meta_value`) VALUES ('519', '_line_tax_data', 'a:2:{s:5:\\\"total\\\";i:0;s:8:\\\"subtotal\\\";i:0;}')"}
2020/12/30 08:15:46 : {"type": "insert", "query": "INSERT INTO `_DBPRF_woocommerce_order_itemmeta` (`order_item_id`, `meta_key`, `meta_value`) VALUES ('520', '_qty', '1')"}
2020/12/30 08:15:46 : {"type": "insert", "query": "INSERT INTO `_DBPRF_woocommerce_order_itemmeta` (`order_item_id`, `meta_key`, `meta_value`) VALUES ('520', '_tax_class', '')"}
2020/12/30 08:15:46 : {"type": "insert", "query": "INSERT INTO `_DBPRF_woocommerce_order_itemmeta` (`order_item_id`, `meta_key`, `meta_value`) VALUES ('520', '_product_id', 0)"}
2020/12/30 08:15:46 : {"type": "insert", "query": "INSERT INTO `_DBPRF_woocommerce_order_itemmeta` (`order_item_id`, `meta_key`, `meta_value`) VALUES ('520', '_variation_id', '')"}
2020/12/30 08:15:46 : {"type": "insert", "query": "INSERT INTO `_DBPRF_woocommerce_order_itemmeta` (`order_item_id`, `meta_key`, `meta_value`) VALUES ('520', '_line_subtotal', '32.989')"}
2020/12/30 08:15:46 : {"type": "insert", "query": "INSERT INTO `_DBPRF_woocommerce_order_itemmeta` (`order_item_id`, `meta_key`, `meta_value`) VALUES ('520', '_line_total', '32.989')"}
2020/12/30 08:15:46 : {"type": "insert", "query": "INSERT INTO `_DBPRF_woocommerce_order_itemmeta` (`order_item_id`, `meta_key`, `meta_value`) VALUES ('520', '_line_subtotal_tax', 0)"}
2020/12/30 08:15:46 : {"type": "insert", "query": "INSERT INTO `_DBPRF_woocommerce_order_itemmeta` (`order_item_id`, `meta_key`, `meta_value`) VALUES ('520', '_line_tax', 0)"}
2020/12/30 08:15:46 : {"type": "insert", "query": "INSERT INTO `_DBPRF_woocommerce_order_itemmeta` (`order_item_id`, `meta_key`, `meta_value`) VALUES ('520', '_line_tax_data', 'a:2:{s:5:\\\"total\\\";i:0;s:8:\\\"subtotal\\\";i:0;}')"}
2020/12/30 08:15:46 : {"type": "insert", "query": "INSERT INTO `_DBPRF_woocommerce_order_itemmeta` (`order_item_id`, `meta_key`, `meta_value`) VALUES ('521', '_qty', '1')"}
2020/12/30 08:15:46 : {"type": "insert", "query": "INSERT INTO `_DBPRF_woocommerce_order_itemmeta` (`order_item_id`, `meta_key`, `meta_value`) VALUES ('521', '_tax_class', '')"}
2020/12/30 08:15:46 : {"type": "insert", "query": "INSERT INTO `_DBPRF_woocommerce_order_itemmeta` (`order_item_id`, `meta_key`, `meta_value`) VALUES ('521', '_product_id', 0)"}
2020/12/30 08:15:46 : {"type": "insert", "query": "INSERT INTO `_DBPRF_woocommerce_order_itemmeta` (`order_item_id`, `meta_key`, `meta_value`) VALUES ('521', '_variation_id', '')"}
2020/12/30 08:15:46 : {"type": "insert", "query": "INSERT INTO `_DBPRF_woocommerce_order_itemmeta` (`order_item_id`, `meta_key`, `meta_value`) VALUES ('521', '_line_subtotal', '26.5665')"}
2020/12/30 08:15:46 : {"type": "insert", "query": "INSERT INTO `_DBPRF_woocommerce_order_itemmeta` (`order_item_id`, `meta_key`, `meta_value`) VALUES ('521', '_line_total', '26.5665')"}
2020/12/30 08:15:46 : {"type": "insert", "query": "INSERT INTO `_DBPRF_woocommerce_order_itemmeta` (`order_item_id`, `meta_key`, `meta_value`) VALUES ('521', '_line_subtotal_tax', 0)"}
2020/12/30 08:15:46 : {"type": "insert", "query": "INSERT INTO `_DBPRF_woocommerce_order_itemmeta` (`order_item_id`, `meta_key`, `meta_value`) VALUES ('521', '_line_tax', 0)"}
2020/12/30 08:15:46 : {"type": "insert", "query": "INSERT INTO `_DBPRF_woocommerce_order_itemmeta` (`order_item_id`, `meta_key`, `meta_value`) VALUES ('521', '_line_tax_data', 'a:2:{s:5:\\\"total\\\";i:0;s:8:\\\"subtotal\\\";i:0;}')"}
2020/12/30 08:15:46 : {"type": "insert", "query": "INSERT INTO `_DBPRF_woocommerce_order_itemmeta` (`order_item_id`, `meta_key`, `meta_value`) VALUES ('522', '_qty', '1')"}
2020/12/30 08:15:46 : {"type": "insert", "query": "INSERT INTO `_DBPRF_woocommerce_order_itemmeta` (`order_item_id`, `meta_key`, `meta_value`) VALUES ('522', '_tax_class', '')"}
2020/12/30 08:15:46 : {"type": "insert", "query": "INSERT INTO `_DBPRF_woocommerce_order_itemmeta` (`order_item_id`, `meta_key`, `meta_value`) VALUES ('522', '_product_id', 0)"}
2020/12/30 08:15:46 : {"type": "insert", "query": "INSERT INTO `_DBPRF_woocommerce_order_itemmeta` (`order_item_id`, `meta_key`, `meta_value`) VALUES ('522', '_variation_id', '')"}
2020/12/30 08:15:46 : {"type": "insert", "query": "INSERT INTO `_DBPRF_woocommerce_order_itemmeta` (`order_item_id`, `meta_key`, `meta_value`) VALUES ('522', '_line_subtotal', '24.03')"}
2020/12/30 08:15:46 : {"type": "insert", "query": "INSERT INTO `_DBPRF_woocommerce_order_itemmeta` (`order_item_id`, `meta_key`, `meta_value`) VALUES ('522', '_line_total', '24.03')"}
2020/12/30 08:15:46 : {"type": "insert", "query": "INSERT INTO `_DBPRF_woocommerce_order_itemmeta` (`order_item_id`, `meta_key`, `meta_value`) VALUES ('522', '_line_subtotal_tax', 0)"}
2020/12/30 08:15:46 : {"type": "insert", "query": "INSERT INTO `_DBPRF_woocommerce_order_itemmeta` (`order_item_id`, `meta_key`, `meta_value`) VALUES ('522', '_line_tax', 0)"}
2020/12/30 08:15:46 : {"type": "insert", "query": "INSERT INTO `_DBPRF_woocommerce_order_itemmeta` (`order_item_id`, `meta_key`, `meta_value`) VALUES ('522', '_line_tax_data', 'a:2:{s:5:\\\"total\\\";i:0;s:8:\\\"subtotal\\\";i:0;}')"}
2020/12/30 08:15:47 : {"type": "insert", "query": "INSERT INTO `_DBPRF_woocommerce_order_itemmeta` (`order_item_id`, `meta_key`, `meta_value`) VALUES ('523', '_qty', '1')"}
2020/12/30 08:15:47 : {"type": "insert", "query": "INSERT INTO `_DBPRF_woocommerce_order_itemmeta` (`order_item_id`, `meta_key`, `meta_value`) VALUES ('523', '_tax_class', '')"}
2020/12/30 08:15:47 : {"type": "insert", "query": "INSERT INTO `_DBPRF_woocommerce_order_itemmeta` (`order_item_id`, `meta_key`, `meta_value`) VALUES ('523', '_product_id', 0)"}
2020/12/30 08:15:47 : {"type": "insert", "query": "INSERT INTO `_DBPRF_woocommerce_order_itemmeta` (`order_item_id`, `meta_key`, `meta_value`) VALUES ('523', '_variation_id', '')"}
2020/12/30 08:15:47 : {"type": "insert", "query": "INSERT INTO `_DBPRF_woocommerce_order_itemmeta` (`order_item_id`, `meta_key`, `meta_value`) VALUES ('523', '_line_subtotal', '26.5665')"}
2020/12/30 08:15:47 : {"type": "insert", "query": "INSERT INTO `_DBPRF_woocommerce_order_itemmeta` (`order_item_id`, `meta_key`, `meta_value`) VALUES ('523', '_line_total', '26.5665')"}
2020/12/30 08:15:47 : {"type": "insert", "query": "INSERT INTO `_DBPRF_woocommerce_order_itemmeta` (`order_item_id`, `meta_key`, `meta_value`) VALUES ('523', '_line_subtotal_tax', 0)"}
2020/12/30 08:15:47 : {"type": "insert", "query": "INSERT INTO `_DBPRF_woocommerce_order_itemmeta` (`order_item_id`, `meta_key`, `meta_value`) VALUES ('523', '_line_tax', 0)"}
2020/12/30 08:15:47 : {"type": "insert", "query": "INSERT INTO `_DBPRF_woocommerce_order_itemmeta` (`order_item_id`, `meta_key`, `meta_value`) VALUES ('523', '_line_tax_data', 'a:2:{s:5:\\\"total\\\";i:0;s:8:\\\"subtotal\\\";i:0;}')"}
2020/12/30 08:15:47 : {"type": "insert", "query": "INSERT INTO `_DBPRF_woocommerce_order_itemmeta` (`order_item_id`, `meta_key`, `meta_value`) VALUES ('524', '_qty', '1')"}
2020/12/30 08:15:47 : {"type": "insert", "query": "INSERT INTO `_DBPRF_woocommerce_order_itemmeta` (`order_item_id`, `meta_key`, `meta_value`) VALUES ('524', '_tax_class', '')"}
2020/12/30 08:15:47 : {"type": "insert", "query": "INSERT INTO `_DBPRF_woocommerce_order_itemmeta` (`order_item_id`, `meta_key`, `meta_value`) VALUES ('524', '_product_id', 0)"}
2020/12/30 08:15:47 : {"type": "insert", "query": "INSERT INTO `_DBPRF_woocommerce_order_itemmeta` (`order_item_id`, `meta_key`, `meta_value`) VALUES ('524', '_variation_id', '')"}
2020/12/30 08:15:47 : {"type": "insert", "query": "INSERT INTO `_DBPRF_woocommerce_order_itemmeta` (`order_item_id`, `meta_key`, `meta_value`) VALUES ('524', '_line_subtotal', '26.5665')"}
2020/12/30 08:15:47 : {"type": "insert", "query": "INSERT INTO `_DBPRF_woocommerce_order_itemmeta` (`order_item_id`, `meta_key`, `meta_value`) VALUES ('524', '_line_total', '26.5665')"}
2020/12/30 08:15:47 : {"type": "insert", "query": "INSERT INTO `_DBPRF_woocommerce_order_itemmeta` (`order_item_id`, `meta_key`, `meta_value`) VALUES ('524', '_line_subtotal_tax', 0)"}
2020/12/30 08:15:47 : {"type": "insert", "query": "INSERT INTO `_DBPRF_woocommerce_order_itemmeta` (`order_item_id`, `meta_key`, `meta_value`) VALUES ('524', '_line_tax', 0)"}
2020/12/30 08:15:47 : {"type": "insert", "query": "INSERT INTO `_DBPRF_woocommerce_order_itemmeta` (`order_item_id`, `meta_key`, `meta_value`) VALUES ('524', '_line_tax_data', 'a:2:{s:5:\\\"total\\\";i:0;s:8:\\\"subtotal\\\";i:0;}')"}
