2020/12/30 08:03:45 : {"type": "insert", "query": "INSERT INTO `_DBPRF_woocommerce_order_itemmeta` (`order_item_id`, `meta_key`, `meta_value`) VALUES ('475', '_qty', '1')"}
2020/12/30 08:03:45 : {"type": "insert", "query": "INSERT INTO `_DBPRF_woocommerce_order_itemmeta` (`order_item_id`, `meta_key`, `meta_value`) VALUES ('475', '_tax_class', '')"}
2020/12/30 08:03:45 : {"type": "insert", "query": "INSERT INTO `_DBPRF_woocommerce_order_itemmeta` (`order_item_id`, `meta_key`, `meta_value`) VALUES ('475', '_product_id', 0)"}
2020/12/30 08:03:45 : {"type": "insert", "query": "INSERT INTO `_DBPRF_woocommerce_order_itemmeta` (`order_item_id`, `meta_key`, `meta_value`) VALUES ('475', '_variation_id', '')"}
2020/12/30 08:03:45 : {"type": "insert", "query": "INSERT INTO `_DBPRF_woocommerce_order_itemmeta` (`order_item_id`, `meta_key`, `meta_value`) VALUES ('475', '_line_subtotal', '0.0000')"}
2020/12/30 08:03:45 : {"type": "insert", "query": "INSERT INTO `_DBPRF_woocommerce_order_itemmeta` (`order_item_id`, `meta_key`, `meta_value`) VALUES ('475', '_line_total', '0.0000')"}
2020/12/30 08:03:45 : {"type": "insert", "query": "INSERT INTO `_DBPRF_woocommerce_order_itemmeta` (`order_item_id`, `meta_key`, `meta_value`) VALUES ('475', '_line_subtotal_tax', 0)"}
2020/12/30 08:03:45 : {"type": "insert", "query": "INSERT INTO `_DBPRF_woocommerce_order_itemmeta` (`order_item_id`, `meta_key`, `meta_value`) VALUES ('475', '_line_tax', 0)"}
2020/12/30 08:03:45 : {"type": "insert", "query": "INSERT INTO `_DBPRF_woocommerce_order_itemmeta` (`order_item_id`, `meta_key`, `meta_value`) VALUES ('475', '_line_tax_data', 'a:2:{s:5:\\\"total\\\";i:0;s:8:\\\"subtotal\\\";i:0;}')"}
2020/12/30 08:03:45 : {"type": "insert", "query": "INSERT INTO `_DBPRF_woocommerce_order_itemmeta` (`order_item_id`, `meta_key`, `meta_value`) VALUES ('476', '_qty', '1')"}
2020/12/30 08:03:45 : {"type": "insert", "query": "INSERT INTO `_DBPRF_woocommerce_order_itemmeta` (`order_item_id`, `meta_key`, `meta_value`) VALUES ('476', '_tax_class', '')"}
2020/12/30 08:03:45 : {"type": "insert", "query": "INSERT INTO `_DBPRF_woocommerce_order_itemmeta` (`order_item_id`, `meta_key`, `meta_value`) VALUES ('476', '_product_id', 0)"}
2020/12/30 08:03:45 : {"type": "insert", "query": "INSERT INTO `_DBPRF_woocommerce_order_itemmeta` (`order_item_id`, `meta_key`, `meta_value`) VALUES ('476', '_variation_id', '')"}
2020/12/30 08:03:45 : {"type": "insert", "query": "INSERT INTO `_DBPRF_woocommerce_order_itemmeta` (`order_item_id`, `meta_key`, `meta_value`) VALUES ('476', '_line_subtotal', '0.0000')"}
2020/12/30 08:03:45 : {"type": "insert", "query": "INSERT INTO `_DBPRF_woocommerce_order_itemmeta` (`order_item_id`, `meta_key`, `meta_value`) VALUES ('476', '_line_total', '0.0000')"}
2020/12/30 08:03:45 : {"type": "insert", "query": "INSERT INTO `_DBPRF_woocommerce_order_itemmeta` (`order_item_id`, `meta_key`, `meta_value`) VALUES ('476', '_line_subtotal_tax', 0)"}
2020/12/30 08:03:45 : {"type": "insert", "query": "INSERT INTO `_DBPRF_woocommerce_order_itemmeta` (`order_item_id`, `meta_key`, `meta_value`) VALUES ('476', '_line_tax', 0)"}
2020/12/30 08:03:45 : {"type": "insert", "query": "INSERT INTO `_DBPRF_woocommerce_order_itemmeta` (`order_item_id`, `meta_key`, `meta_value`) VALUES ('476', '_line_tax_data', 'a:2:{s:5:\\\"total\\\";i:0;s:8:\\\"subtotal\\\";i:0;}')"}
2020/12/30 08:03:45 : {"type": "insert", "query": "INSERT INTO `_DBPRF_woocommerce_order_itemmeta` (`order_item_id`, `meta_key`, `meta_value`) VALUES ('477', '_qty', '1')"}
2020/12/30 08:03:45 : {"type": "insert", "query": "INSERT INTO `_DBPRF_woocommerce_order_itemmeta` (`order_item_id`, `meta_key`, `meta_value`) VALUES ('477', '_tax_class', '')"}
2020/12/30 08:03:45 : {"type": "insert", "query": "INSERT INTO `_DBPRF_woocommerce_order_itemmeta` (`order_item_id`, `meta_key`, `meta_value`) VALUES ('477', '_product_id', 0)"}
2020/12/30 08:03:45 : {"type": "insert", "query": "INSERT INTO `_DBPRF_woocommerce_order_itemmeta` (`order_item_id`, `meta_key`, `meta_value`) VALUES ('477', '_variation_id', '')"}
2020/12/30 08:03:45 : {"type": "insert", "query": "INSERT INTO `_DBPRF_woocommerce_order_itemmeta` (`order_item_id`, `meta_key`, `meta_value`) VALUES ('477', '_line_subtotal', '0.0000')"}
2020/12/30 08:03:45 : {"type": "insert", "query": "INSERT INTO `_DBPRF_woocommerce_order_itemmeta` (`order_item_id`, `meta_key`, `meta_value`) VALUES ('477', '_line_total', '0.0000')"}
2020/12/30 08:03:45 : {"type": "insert", "query": "INSERT INTO `_DBPRF_woocommerce_order_itemmeta` (`order_item_id`, `meta_key`, `meta_value`) VALUES ('477', '_line_subtotal_tax', 0)"}
2020/12/30 08:03:45 : {"type": "insert", "query": "INSERT INTO `_DBPRF_woocommerce_order_itemmeta` (`order_item_id`, `meta_key`, `meta_value`) VALUES ('477', '_line_tax', 0)"}
2020/12/30 08:03:45 : {"type": "insert", "query": "INSERT INTO `_DBPRF_woocommerce_order_itemmeta` (`order_item_id`, `meta_key`, `meta_value`) VALUES ('477', '_line_tax_data', 'a:2:{s:5:\\\"total\\\";i:0;s:8:\\\"subtotal\\\";i:0;}')"}
2020/12/30 08:03:46 : {"type": "insert", "query": "INSERT INTO `_DBPRF_woocommerce_order_itemmeta` (`order_item_id`, `meta_key`, `meta_value`) VALUES ('478', '_qty', '1')"}
2020/12/30 08:03:46 : {"type": "insert", "query": "INSERT INTO `_DBPRF_woocommerce_order_itemmeta` (`order_item_id`, `meta_key`, `meta_value`) VALUES ('478', '_tax_class', '')"}
2020/12/30 08:03:46 : {"type": "insert", "query": "INSERT INTO `_DBPRF_woocommerce_order_itemmeta` (`order_item_id`, `meta_key`, `meta_value`) VALUES ('478', '_product_id', 0)"}
2020/12/30 08:03:46 : {"type": "insert", "query": "INSERT INTO `_DBPRF_woocommerce_order_itemmeta` (`order_item_id`, `meta_key`, `meta_value`) VALUES ('478', '_variation_id', '')"}
2020/12/30 08:03:46 : {"type": "insert", "query": "INSERT INTO `_DBPRF_woocommerce_order_itemmeta` (`order_item_id`, `meta_key`, `meta_value`) VALUES ('478', '_line_subtotal', '0.0000')"}
2020/12/30 08:03:46 : {"type": "insert", "query": "INSERT INTO `_DBPRF_woocommerce_order_itemmeta` (`order_item_id`, `meta_key`, `meta_value`) VALUES ('478', '_line_total', '0.0000')"}
2020/12/30 08:03:46 : {"type": "insert", "query": "INSERT INTO `_DBPRF_woocommerce_order_itemmeta` (`order_item_id`, `meta_key`, `meta_value`) VALUES ('478', '_line_subtotal_tax', 0)"}
2020/12/30 08:03:46 : {"type": "insert", "query": "INSERT INTO `_DBPRF_woocommerce_order_itemmeta` (`order_item_id`, `meta_key`, `meta_value`) VALUES ('478', '_line_tax', 0)"}
2020/12/30 08:03:46 : {"type": "insert", "query": "INSERT INTO `_DBPRF_woocommerce_order_itemmeta` (`order_item_id`, `meta_key`, `meta_value`) VALUES ('478', '_line_tax_data', 'a:2:{s:5:\\\"total\\\";i:0;s:8:\\\"subtotal\\\";i:0;}')"}
2020/12/30 08:03:46 : {"type": "insert", "query": "INSERT INTO `_DBPRF_woocommerce_order_itemmeta` (`order_item_id`, `meta_key`, `meta_value`) VALUES ('479', '_qty', '1')"}
2020/12/30 08:03:46 : {"type": "insert", "query": "INSERT INTO `_DBPRF_woocommerce_order_itemmeta` (`order_item_id`, `meta_key`, `meta_value`) VALUES ('479', '_tax_class', '')"}
2020/12/30 08:03:46 : {"type": "insert", "query": "INSERT INTO `_DBPRF_woocommerce_order_itemmeta` (`order_item_id`, `meta_key`, `meta_value`) VALUES ('479', '_product_id', 0)"}
2020/12/30 08:03:46 : {"type": "insert", "query": "INSERT INTO `_DBPRF_woocommerce_order_itemmeta` (`order_item_id`, `meta_key`, `meta_value`) VALUES ('479', '_variation_id', '')"}
2020/12/30 08:03:46 : {"type": "insert", "query": "INSERT INTO `_DBPRF_woocommerce_order_itemmeta` (`order_item_id`, `meta_key`, `meta_value`) VALUES ('479', '_line_subtotal', '0.0000')"}
2020/12/30 08:03:46 : {"type": "insert", "query": "INSERT INTO `_DBPRF_woocommerce_order_itemmeta` (`order_item_id`, `meta_key`, `meta_value`) VALUES ('479', '_line_total', '0.0000')"}
2020/12/30 08:03:46 : {"type": "insert", "query": "INSERT INTO `_DBPRF_woocommerce_order_itemmeta` (`order_item_id`, `meta_key`, `meta_value`) VALUES ('479', '_line_subtotal_tax', 0)"}
2020/12/30 08:03:46 : {"type": "insert", "query": "INSERT INTO `_DBPRF_woocommerce_order_itemmeta` (`order_item_id`, `meta_key`, `meta_value`) VALUES ('479', '_line_tax', 0)"}
2020/12/30 08:03:46 : {"type": "insert", "query": "INSERT INTO `_DBPRF_woocommerce_order_itemmeta` (`order_item_id`, `meta_key`, `meta_value`) VALUES ('479', '_line_tax_data', 'a:2:{s:5:\\\"total\\\";i:0;s:8:\\\"subtotal\\\";i:0;}')"}
2020/12/30 08:03:46 : {"type": "insert", "query": "INSERT INTO `_DBPRF_woocommerce_order_itemmeta` (`order_item_id`, `meta_key`, `meta_value`) VALUES ('480', '_qty', '1')"}
2020/12/30 08:03:46 : {"type": "insert", "query": "INSERT INTO `_DBPRF_woocommerce_order_itemmeta` (`order_item_id`, `meta_key`, `meta_value`) VALUES ('480', '_tax_class', '')"}
2020/12/30 08:03:46 : {"type": "insert", "query": "INSERT INTO `_DBPRF_woocommerce_order_itemmeta` (`order_item_id`, `meta_key`, `meta_value`) VALUES ('480', '_product_id', 0)"}
2020/12/30 08:03:46 : {"type": "insert", "query": "INSERT INTO `_DBPRF_woocommerce_order_itemmeta` (`order_item_id`, `meta_key`, `meta_value`) VALUES ('480', '_variation_id', '')"}
2020/12/30 08:03:46 : {"type": "insert", "query": "INSERT INTO `_DBPRF_woocommerce_order_itemmeta` (`order_item_id`, `meta_key`, `meta_value`) VALUES ('480', '_line_subtotal', '32.989')"}
2020/12/30 08:03:46 : {"type": "insert", "query": "INSERT INTO `_DBPRF_woocommerce_order_itemmeta` (`order_item_id`, `meta_key`, `meta_value`) VALUES ('480', '_line_total', '32.989')"}
2020/12/30 08:03:46 : {"type": "insert", "query": "INSERT INTO `_DBPRF_woocommerce_order_itemmeta` (`order_item_id`, `meta_key`, `meta_value`) VALUES ('480', '_line_subtotal_tax', 0)"}
2020/12/30 08:03:46 : {"type": "insert", "query": "INSERT INTO `_DBPRF_woocommerce_order_itemmeta` (`order_item_id`, `meta_key`, `meta_value`) VALUES ('480', '_line_tax', 0)"}
2020/12/30 08:03:46 : {"type": "insert", "query": "INSERT INTO `_DBPRF_woocommerce_order_itemmeta` (`order_item_id`, `meta_key`, `meta_value`) VALUES ('480', '_line_tax_data', 'a:2:{s:5:\\\"total\\\";i:0;s:8:\\\"subtotal\\\";i:0;}')"}
2020/12/30 08:03:47 : {"type": "insert", "query": "INSERT INTO `_DBPRF_woocommerce_order_itemmeta` (`order_item_id`, `meta_key`, `meta_value`) VALUES ('481', '_qty', '1')"}
2020/12/30 08:03:47 : {"type": "insert", "query": "INSERT INTO `_DBPRF_woocommerce_order_itemmeta` (`order_item_id`, `meta_key`, `meta_value`) VALUES ('481', '_tax_class', '')"}
2020/12/30 08:03:47 : {"type": "insert", "query": "INSERT INTO `_DBPRF_woocommerce_order_itemmeta` (`order_item_id`, `meta_key`, `meta_value`) VALUES ('481', '_product_id', 0)"}
2020/12/30 08:03:47 : {"type": "insert", "query": "INSERT INTO `_DBPRF_woocommerce_order_itemmeta` (`order_item_id`, `meta_key`, `meta_value`) VALUES ('481', '_variation_id', '')"}
2020/12/30 08:03:47 : {"type": "insert", "query": "INSERT INTO `_DBPRF_woocommerce_order_itemmeta` (`order_item_id`, `meta_key`, `meta_value`) VALUES ('481', '_line_subtotal', '26.5665')"}
2020/12/30 08:03:47 : {"type": "insert", "query": "INSERT INTO `_DBPRF_woocommerce_order_itemmeta` (`order_item_id`, `meta_key`, `meta_value`) VALUES ('481', '_line_total', '26.5665')"}
2020/12/30 08:03:47 : {"type": "insert", "query": "INSERT INTO `_DBPRF_woocommerce_order_itemmeta` (`order_item_id`, `meta_key`, `meta_value`) VALUES ('481', '_line_subtotal_tax', 0)"}
2020/12/30 08:03:47 : {"type": "insert", "query": "INSERT INTO `_DBPRF_woocommerce_order_itemmeta` (`order_item_id`, `meta_key`, `meta_value`) VALUES ('481', '_line_tax', 0)"}
2020/12/30 08:03:47 : {"type": "insert", "query": "INSERT INTO `_DBPRF_woocommerce_order_itemmeta` (`order_item_id`, `meta_key`, `meta_value`) VALUES ('481', '_line_tax_data', 'a:2:{s:5:\\\"total\\\";i:0;s:8:\\\"subtotal\\\";i:0;}')"}
2020/12/30 08:03:47 : {"type": "insert", "query": "INSERT INTO `_DBPRF_woocommerce_order_itemmeta` (`order_item_id`, `meta_key`, `meta_value`) VALUES ('482', '_qty', '1')"}
2020/12/30 08:03:47 : {"type": "insert", "query": "INSERT INTO `_DBPRF_woocommerce_order_itemmeta` (`order_item_id`, `meta_key`, `meta_value`) VALUES ('482', '_tax_class', '')"}
2020/12/30 08:03:47 : {"type": "insert", "query": "INSERT INTO `_DBPRF_woocommerce_order_itemmeta` (`order_item_id`, `meta_key`, `meta_value`) VALUES ('482', '_product_id', 0)"}
2020/12/30 08:03:47 : {"type": "insert", "query": "INSERT INTO `_DBPRF_woocommerce_order_itemmeta` (`order_item_id`, `meta_key`, `meta_value`) VALUES ('482', '_variation_id', '')"}
2020/12/30 08:03:47 : {"type": "insert", "query": "INSERT INTO `_DBPRF_woocommerce_order_itemmeta` (`order_item_id`, `meta_key`, `meta_value`) VALUES ('482', '_line_subtotal', '24.03')"}
2020/12/30 08:03:47 : {"type": "insert", "query": "INSERT INTO `_DBPRF_woocommerce_order_itemmeta` (`order_item_id`, `meta_key`, `meta_value`) VALUES ('482', '_line_total', '24.03')"}
2020/12/30 08:03:47 : {"type": "insert", "query": "INSERT INTO `_DBPRF_woocommerce_order_itemmeta` (`order_item_id`, `meta_key`, `meta_value`) VALUES ('482', '_line_subtotal_tax', 0)"}
2020/12/30 08:03:47 : {"type": "insert", "query": "INSERT INTO `_DBPRF_woocommerce_order_itemmeta` (`order_item_id`, `meta_key`, `meta_value`) VALUES ('482', '_line_tax', 0)"}
2020/12/30 08:03:47 : {"type": "insert", "query": "INSERT INTO `_DBPRF_woocommerce_order_itemmeta` (`order_item_id`, `meta_key`, `meta_value`) VALUES ('482', '_line_tax_data', 'a:2:{s:5:\\\"total\\\";i:0;s:8:\\\"subtotal\\\";i:0;}')"}
2020/12/30 08:03:48 : {"type": "insert", "query": "INSERT INTO `_DBPRF_woocommerce_order_itemmeta` (`order_item_id`, `meta_key`, `meta_value`) VALUES ('483', '_qty', '1')"}
2020/12/30 08:03:48 : {"type": "insert", "query": "INSERT INTO `_DBPRF_woocommerce_order_itemmeta` (`order_item_id`, `meta_key`, `meta_value`) VALUES ('483', '_tax_class', '')"}
2020/12/30 08:03:48 : {"type": "insert", "query": "INSERT INTO `_DBPRF_woocommerce_order_itemmeta` (`order_item_id`, `meta_key`, `meta_value`) VALUES ('483', '_product_id', 0)"}
2020/12/30 08:03:48 : {"type": "insert", "query": "INSERT INTO `_DBPRF_woocommerce_order_itemmeta` (`order_item_id`, `meta_key`, `meta_value`) VALUES ('483', '_variation_id', '')"}
2020/12/30 08:03:48 : {"type": "insert", "query": "INSERT INTO `_DBPRF_woocommerce_order_itemmeta` (`order_item_id`, `meta_key`, `meta_value`) VALUES ('483', '_line_subtotal', '26.5665')"}
2020/12/30 08:03:48 : {"type": "insert", "query": "INSERT INTO `_DBPRF_woocommerce_order_itemmeta` (`order_item_id`, `meta_key`, `meta_value`) VALUES ('483', '_line_total', '26.5665')"}
2020/12/30 08:03:48 : {"type": "insert", "query": "INSERT INTO `_DBPRF_woocommerce_order_itemmeta` (`order_item_id`, `meta_key`, `meta_value`) VALUES ('483', '_line_subtotal_tax', 0)"}
2020/12/30 08:03:48 : {"type": "insert", "query": "INSERT INTO `_DBPRF_woocommerce_order_itemmeta` (`order_item_id`, `meta_key`, `meta_value`) VALUES ('483', '_line_tax', 0)"}
2020/12/30 08:03:48 : {"type": "insert", "query": "INSERT INTO `_DBPRF_woocommerce_order_itemmeta` (`order_item_id`, `meta_key`, `meta_value`) VALUES ('483', '_line_tax_data', 'a:2:{s:5:\\\"total\\\";i:0;s:8:\\\"subtotal\\\";i:0;}')"}
2020/12/30 08:03:48 : {"type": "insert", "query": "INSERT INTO `_DBPRF_woocommerce_order_itemmeta` (`order_item_id`, `meta_key`, `meta_value`) VALUES ('484', '_qty', '1')"}
2020/12/30 08:03:48 : {"type": "insert", "query": "INSERT INTO `_DBPRF_woocommerce_order_itemmeta` (`order_item_id`, `meta_key`, `meta_value`) VALUES ('484', '_tax_class', '')"}
2020/12/30 08:03:48 : {"type": "insert", "query": "INSERT INTO `_DBPRF_woocommerce_order_itemmeta` (`order_item_id`, `meta_key`, `meta_value`) VALUES ('484', '_product_id', 0)"}
2020/12/30 08:03:48 : {"type": "insert", "query": "INSERT INTO `_DBPRF_woocommerce_order_itemmeta` (`order_item_id`, `meta_key`, `meta_value`) VALUES ('484', '_variation_id', '')"}
2020/12/30 08:03:48 : {"type": "insert", "query": "INSERT INTO `_DBPRF_woocommerce_order_itemmeta` (`order_item_id`, `meta_key`, `meta_value`) VALUES ('484', '_line_subtotal', '26.5665')"}
2020/12/30 08:03:48 : {"type": "insert", "query": "INSERT INTO `_DBPRF_woocommerce_order_itemmeta` (`order_item_id`, `meta_key`, `meta_value`) VALUES ('484', '_line_total', '26.5665')"}
2020/12/30 08:03:48 : {"type": "insert", "query": "INSERT INTO `_DBPRF_woocommerce_order_itemmeta` (`order_item_id`, `meta_key`, `meta_value`) VALUES ('484', '_line_subtotal_tax', 0)"}
2020/12/30 08:03:48 : {"type": "insert", "query": "INSERT INTO `_DBPRF_woocommerce_order_itemmeta` (`order_item_id`, `meta_key`, `meta_value`) VALUES ('484', '_line_tax', 0)"}
2020/12/30 08:03:48 : {"type": "insert", "query": "INSERT INTO `_DBPRF_woocommerce_order_itemmeta` (`order_item_id`, `meta_key`, `meta_value`) VALUES ('484', '_line_tax_data', 'a:2:{s:5:\\\"total\\\";i:0;s:8:\\\"subtotal\\\";i:0;}')"}
