2020/12/30 08:08:49 : {"type": "insert", "query": "INSERT INTO `_DBPRF_woocommerce_order_itemmeta` (`order_item_id`, `meta_key`, `meta_value`) VALUES ('485', '_qty', '1')"}
2020/12/30 08:08:49 : {"type": "insert", "query": "INSERT INTO `_DBPRF_woocommerce_order_itemmeta` (`order_item_id`, `meta_key`, `meta_value`) VALUES ('485', '_tax_class', '')"}
2020/12/30 08:08:49 : {"type": "insert", "query": "INSERT INTO `_DBPRF_woocommerce_order_itemmeta` (`order_item_id`, `meta_key`, `meta_value`) VALUES ('485', '_product_id', 0)"}
2020/12/30 08:08:49 : {"type": "insert", "query": "INSERT INTO `_DBPRF_woocommerce_order_itemmeta` (`order_item_id`, `meta_key`, `meta_value`) VALUES ('485', '_variation_id', '')"}
2020/12/30 08:08:49 : {"type": "insert", "query": "INSERT INTO `_DBPRF_woocommerce_order_itemmeta` (`order_item_id`, `meta_key`, `meta_value`) VALUES ('485', '_line_subtotal', '0.0000')"}
2020/12/30 08:08:49 : {"type": "insert", "query": "INSERT INTO `_DBPRF_woocommerce_order_itemmeta` (`order_item_id`, `meta_key`, `meta_value`) VALUES ('485', '_line_total', '0.0000')"}
2020/12/30 08:08:49 : {"type": "insert", "query": "INSERT INTO `_DBPRF_woocommerce_order_itemmeta` (`order_item_id`, `meta_key`, `meta_value`) VALUES ('485', '_line_subtotal_tax', 0)"}
2020/12/30 08:08:49 : {"type": "insert", "query": "INSERT INTO `_DBPRF_woocommerce_order_itemmeta` (`order_item_id`, `meta_key`, `meta_value`) VALUES ('485', '_line_tax', 0)"}
2020/12/30 08:08:49 : {"type": "insert", "query": "INSERT INTO `_DBPRF_woocommerce_order_itemmeta` (`order_item_id`, `meta_key`, `meta_value`) VALUES ('485', '_line_tax_data', 'a:2:{s:5:\\\"total\\\";i:0;s:8:\\\"subtotal\\\";i:0;}')"}
2020/12/30 08:08:49 : {"type": "insert", "query": "INSERT INTO `_DBPRF_woocommerce_order_itemmeta` (`order_item_id`, `meta_key`, `meta_value`) VALUES ('486', '_qty', '1')"}
2020/12/30 08:08:49 : {"type": "insert", "query": "INSERT INTO `_DBPRF_woocommerce_order_itemmeta` (`order_item_id`, `meta_key`, `meta_value`) VALUES ('486', '_tax_class', '')"}
2020/12/30 08:08:49 : {"type": "insert", "query": "INSERT INTO `_DBPRF_woocommerce_order_itemmeta` (`order_item_id`, `meta_key`, `meta_value`) VALUES ('486', '_product_id', 0)"}
2020/12/30 08:08:49 : {"type": "insert", "query": "INSERT INTO `_DBPRF_woocommerce_order_itemmeta` (`order_item_id`, `meta_key`, `meta_value`) VALUES ('486', '_variation_id', '')"}
2020/12/30 08:08:49 : {"type": "insert", "query": "INSERT INTO `_DBPRF_woocommerce_order_itemmeta` (`order_item_id`, `meta_key`, `meta_value`) VALUES ('486', '_line_subtotal', '0.0000')"}
2020/12/30 08:08:50 : {"type": "insert", "query": "INSERT INTO `_DBPRF_woocommerce_order_itemmeta` (`order_item_id`, `meta_key`, `meta_value`) VALUES ('486', '_line_total', '0.0000')"}
2020/12/30 08:08:50 : {"type": "insert", "query": "INSERT INTO `_DBPRF_woocommerce_order_itemmeta` (`order_item_id`, `meta_key`, `meta_value`) VALUES ('486', '_line_subtotal_tax', 0)"}
2020/12/30 08:08:50 : {"type": "insert", "query": "INSERT INTO `_DBPRF_woocommerce_order_itemmeta` (`order_item_id`, `meta_key`, `meta_value`) VALUES ('486', '_line_tax', 0)"}
2020/12/30 08:08:50 : {"type": "insert", "query": "INSERT INTO `_DBPRF_woocommerce_order_itemmeta` (`order_item_id`, `meta_key`, `meta_value`) VALUES ('486', '_line_tax_data', 'a:2:{s:5:\\\"total\\\";i:0;s:8:\\\"subtotal\\\";i:0;}')"}
2020/12/30 08:08:50 : {"type": "insert", "query": "INSERT INTO `_DBPRF_woocommerce_order_itemmeta` (`order_item_id`, `meta_key`, `meta_value`) VALUES ('487', '_qty', '1')"}
2020/12/30 08:08:50 : {"type": "insert", "query": "INSERT INTO `_DBPRF_woocommerce_order_itemmeta` (`order_item_id`, `meta_key`, `meta_value`) VALUES ('487', '_tax_class', '')"}
2020/12/30 08:08:50 : {"type": "insert", "query": "INSERT INTO `_DBPRF_woocommerce_order_itemmeta` (`order_item_id`, `meta_key`, `meta_value`) VALUES ('487', '_product_id', 0)"}
2020/12/30 08:08:50 : {"type": "insert", "query": "INSERT INTO `_DBPRF_woocommerce_order_itemmeta` (`order_item_id`, `meta_key`, `meta_value`) VALUES ('487', '_variation_id', '')"}
2020/12/30 08:08:50 : {"type": "insert", "query": "INSERT INTO `_DBPRF_woocommerce_order_itemmeta` (`order_item_id`, `meta_key`, `meta_value`) VALUES ('487', '_line_subtotal', '0.0000')"}
2020/12/30 08:08:50 : {"type": "insert", "query": "INSERT INTO `_DBPRF_woocommerce_order_itemmeta` (`order_item_id`, `meta_key`, `meta_value`) VALUES ('487', '_line_total', '0.0000')"}
2020/12/30 08:08:50 : {"type": "insert", "query": "INSERT INTO `_DBPRF_woocommerce_order_itemmeta` (`order_item_id`, `meta_key`, `meta_value`) VALUES ('487', '_line_subtotal_tax', 0)"}
2020/12/30 08:08:50 : {"type": "insert", "query": "INSERT INTO `_DBPRF_woocommerce_order_itemmeta` (`order_item_id`, `meta_key`, `meta_value`) VALUES ('487', '_line_tax', 0)"}
2020/12/30 08:08:50 : {"type": "insert", "query": "INSERT INTO `_DBPRF_woocommerce_order_itemmeta` (`order_item_id`, `meta_key`, `meta_value`) VALUES ('487', '_line_tax_data', 'a:2:{s:5:\\\"total\\\";i:0;s:8:\\\"subtotal\\\";i:0;}')"}
2020/12/30 08:08:50 : {"type": "insert", "query": "INSERT INTO `_DBPRF_woocommerce_order_itemmeta` (`order_item_id`, `meta_key`, `meta_value`) VALUES ('488', '_qty', '1')"}
2020/12/30 08:08:50 : {"type": "insert", "query": "INSERT INTO `_DBPRF_woocommerce_order_itemmeta` (`order_item_id`, `meta_key`, `meta_value`) VALUES ('488', '_tax_class', '')"}
2020/12/30 08:08:50 : {"type": "insert", "query": "INSERT INTO `_DBPRF_woocommerce_order_itemmeta` (`order_item_id`, `meta_key`, `meta_value`) VALUES ('488', '_product_id', 0)"}
2020/12/30 08:08:50 : {"type": "insert", "query": "INSERT INTO `_DBPRF_woocommerce_order_itemmeta` (`order_item_id`, `meta_key`, `meta_value`) VALUES ('488', '_variation_id', '')"}
2020/12/30 08:08:50 : {"type": "insert", "query": "INSERT INTO `_DBPRF_woocommerce_order_itemmeta` (`order_item_id`, `meta_key`, `meta_value`) VALUES ('488', '_line_subtotal', '0.0000')"}
2020/12/30 08:08:50 : {"type": "insert", "query": "INSERT INTO `_DBPRF_woocommerce_order_itemmeta` (`order_item_id`, `meta_key`, `meta_value`) VALUES ('488', '_line_total', '0.0000')"}
2020/12/30 08:08:50 : {"type": "insert", "query": "INSERT INTO `_DBPRF_woocommerce_order_itemmeta` (`order_item_id`, `meta_key`, `meta_value`) VALUES ('488', '_line_subtotal_tax', 0)"}
2020/12/30 08:08:50 : {"type": "insert", "query": "INSERT INTO `_DBPRF_woocommerce_order_itemmeta` (`order_item_id`, `meta_key`, `meta_value`) VALUES ('488', '_line_tax', 0)"}
2020/12/30 08:08:50 : {"type": "insert", "query": "INSERT INTO `_DBPRF_woocommerce_order_itemmeta` (`order_item_id`, `meta_key`, `meta_value`) VALUES ('488', '_line_tax_data', 'a:2:{s:5:\\\"total\\\";i:0;s:8:\\\"subtotal\\\";i:0;}')"}
2020/12/30 08:08:50 : {"type": "insert", "query": "INSERT INTO `_DBPRF_woocommerce_order_itemmeta` (`order_item_id`, `meta_key`, `meta_value`) VALUES ('489', '_qty', '1')"}
2020/12/30 08:08:50 : {"type": "insert", "query": "INSERT INTO `_DBPRF_woocommerce_order_itemmeta` (`order_item_id`, `meta_key`, `meta_value`) VALUES ('489', '_tax_class', '')"}
2020/12/30 08:08:50 : {"type": "insert", "query": "INSERT INTO `_DBPRF_woocommerce_order_itemmeta` (`order_item_id`, `meta_key`, `meta_value`) VALUES ('489', '_product_id', 0)"}
2020/12/30 08:08:50 : {"type": "insert", "query": "INSERT INTO `_DBPRF_woocommerce_order_itemmeta` (`order_item_id`, `meta_key`, `meta_value`) VALUES ('489', '_variation_id', '')"}
2020/12/30 08:08:50 : {"type": "insert", "query": "INSERT INTO `_DBPRF_woocommerce_order_itemmeta` (`order_item_id`, `meta_key`, `meta_value`) VALUES ('489', '_line_subtotal', '0.0000')"}
2020/12/30 08:08:50 : {"type": "insert", "query": "INSERT INTO `_DBPRF_woocommerce_order_itemmeta` (`order_item_id`, `meta_key`, `meta_value`) VALUES ('489', '_line_total', '0.0000')"}
2020/12/30 08:08:50 : {"type": "insert", "query": "INSERT INTO `_DBPRF_woocommerce_order_itemmeta` (`order_item_id`, `meta_key`, `meta_value`) VALUES ('489', '_line_subtotal_tax', 0)"}
2020/12/30 08:08:50 : {"type": "insert", "query": "INSERT INTO `_DBPRF_woocommerce_order_itemmeta` (`order_item_id`, `meta_key`, `meta_value`) VALUES ('489', '_line_tax', 0)"}
2020/12/30 08:08:50 : {"type": "insert", "query": "INSERT INTO `_DBPRF_woocommerce_order_itemmeta` (`order_item_id`, `meta_key`, `meta_value`) VALUES ('489', '_line_tax_data', 'a:2:{s:5:\\\"total\\\";i:0;s:8:\\\"subtotal\\\";i:0;}')"}
2020/12/30 08:08:50 : {"type": "insert", "query": "INSERT INTO `_DBPRF_woocommerce_order_itemmeta` (`order_item_id`, `meta_key`, `meta_value`) VALUES ('490', '_qty', '1')"}
2020/12/30 08:08:50 : {"type": "insert", "query": "INSERT INTO `_DBPRF_woocommerce_order_itemmeta` (`order_item_id`, `meta_key`, `meta_value`) VALUES ('490', '_tax_class', '')"}
2020/12/30 08:08:50 : {"type": "insert", "query": "INSERT INTO `_DBPRF_woocommerce_order_itemmeta` (`order_item_id`, `meta_key`, `meta_value`) VALUES ('490', '_product_id', 0)"}
2020/12/30 08:08:50 : {"type": "insert", "query": "INSERT INTO `_DBPRF_woocommerce_order_itemmeta` (`order_item_id`, `meta_key`, `meta_value`) VALUES ('490', '_variation_id', '')"}
2020/12/30 08:08:50 : {"type": "insert", "query": "INSERT INTO `_DBPRF_woocommerce_order_itemmeta` (`order_item_id`, `meta_key`, `meta_value`) VALUES ('490', '_line_subtotal', '32.989')"}
2020/12/30 08:08:50 : {"type": "insert", "query": "INSERT INTO `_DBPRF_woocommerce_order_itemmeta` (`order_item_id`, `meta_key`, `meta_value`) VALUES ('490', '_line_total', '32.989')"}
2020/12/30 08:08:50 : {"type": "insert", "query": "INSERT INTO `_DBPRF_woocommerce_order_itemmeta` (`order_item_id`, `meta_key`, `meta_value`) VALUES ('490', '_line_subtotal_tax', 0)"}
2020/12/30 08:08:50 : {"type": "insert", "query": "INSERT INTO `_DBPRF_woocommerce_order_itemmeta` (`order_item_id`, `meta_key`, `meta_value`) VALUES ('490', '_line_tax', 0)"}
2020/12/30 08:08:50 : {"type": "insert", "query": "INSERT INTO `_DBPRF_woocommerce_order_itemmeta` (`order_item_id`, `meta_key`, `meta_value`) VALUES ('490', '_line_tax_data', 'a:2:{s:5:\\\"total\\\";i:0;s:8:\\\"subtotal\\\";i:0;}')"}
2020/12/30 08:08:51 : {"type": "insert", "query": "INSERT INTO `_DBPRF_woocommerce_order_itemmeta` (`order_item_id`, `meta_key`, `meta_value`) VALUES ('491', '_qty', '1')"}
2020/12/30 08:08:51 : {"type": "insert", "query": "INSERT INTO `_DBPRF_woocommerce_order_itemmeta` (`order_item_id`, `meta_key`, `meta_value`) VALUES ('491', '_tax_class', '')"}
2020/12/30 08:08:51 : {"type": "insert", "query": "INSERT INTO `_DBPRF_woocommerce_order_itemmeta` (`order_item_id`, `meta_key`, `meta_value`) VALUES ('491', '_product_id', 0)"}
2020/12/30 08:08:51 : {"type": "insert", "query": "INSERT INTO `_DBPRF_woocommerce_order_itemmeta` (`order_item_id`, `meta_key`, `meta_value`) VALUES ('491', '_variation_id', '')"}
2020/12/30 08:08:51 : {"type": "insert", "query": "INSERT INTO `_DBPRF_woocommerce_order_itemmeta` (`order_item_id`, `meta_key`, `meta_value`) VALUES ('491', '_line_subtotal', '26.5665')"}
2020/12/30 08:08:51 : {"type": "insert", "query": "INSERT INTO `_DBPRF_woocommerce_order_itemmeta` (`order_item_id`, `meta_key`, `meta_value`) VALUES ('491', '_line_total', '26.5665')"}
2020/12/30 08:08:51 : {"type": "insert", "query": "INSERT INTO `_DBPRF_woocommerce_order_itemmeta` (`order_item_id`, `meta_key`, `meta_value`) VALUES ('491', '_line_subtotal_tax', 0)"}
2020/12/30 08:08:51 : {"type": "insert", "query": "INSERT INTO `_DBPRF_woocommerce_order_itemmeta` (`order_item_id`, `meta_key`, `meta_value`) VALUES ('491', '_line_tax', 0)"}
2020/12/30 08:08:51 : {"type": "insert", "query": "INSERT INTO `_DBPRF_woocommerce_order_itemmeta` (`order_item_id`, `meta_key`, `meta_value`) VALUES ('491', '_line_tax_data', 'a:2:{s:5:\\\"total\\\";i:0;s:8:\\\"subtotal\\\";i:0;}')"}
2020/12/30 08:08:51 : {"type": "insert", "query": "INSERT INTO `_DBPRF_woocommerce_order_itemmeta` (`order_item_id`, `meta_key`, `meta_value`) VALUES ('492', '_qty', '1')"}
2020/12/30 08:08:51 : {"type": "insert", "query": "INSERT INTO `_DBPRF_woocommerce_order_itemmeta` (`order_item_id`, `meta_key`, `meta_value`) VALUES ('492', '_tax_class', '')"}
2020/12/30 08:08:51 : {"type": "insert", "query": "INSERT INTO `_DBPRF_woocommerce_order_itemmeta` (`order_item_id`, `meta_key`, `meta_value`) VALUES ('492', '_product_id', 0)"}
2020/12/30 08:08:51 : {"type": "insert", "query": "INSERT INTO `_DBPRF_woocommerce_order_itemmeta` (`order_item_id`, `meta_key`, `meta_value`) VALUES ('492', '_variation_id', '')"}
2020/12/30 08:08:51 : {"type": "insert", "query": "INSERT INTO `_DBPRF_woocommerce_order_itemmeta` (`order_item_id`, `meta_key`, `meta_value`) VALUES ('492', '_line_subtotal', '24.03')"}
2020/12/30 08:08:51 : {"type": "insert", "query": "INSERT INTO `_DBPRF_woocommerce_order_itemmeta` (`order_item_id`, `meta_key`, `meta_value`) VALUES ('492', '_line_total', '24.03')"}
2020/12/30 08:08:51 : {"type": "insert", "query": "INSERT INTO `_DBPRF_woocommerce_order_itemmeta` (`order_item_id`, `meta_key`, `meta_value`) VALUES ('492', '_line_subtotal_tax', 0)"}
2020/12/30 08:08:51 : {"type": "insert", "query": "INSERT INTO `_DBPRF_woocommerce_order_itemmeta` (`order_item_id`, `meta_key`, `meta_value`) VALUES ('492', '_line_tax', 0)"}
2020/12/30 08:08:51 : {"type": "insert", "query": "INSERT INTO `_DBPRF_woocommerce_order_itemmeta` (`order_item_id`, `meta_key`, `meta_value`) VALUES ('492', '_line_tax_data', 'a:2:{s:5:\\\"total\\\";i:0;s:8:\\\"subtotal\\\";i:0;}')"}
2020/12/30 08:08:51 : {"type": "insert", "query": "INSERT INTO `_DBPRF_woocommerce_order_itemmeta` (`order_item_id`, `meta_key`, `meta_value`) VALUES ('493', '_qty', '1')"}
2020/12/30 08:08:51 : {"type": "insert", "query": "INSERT INTO `_DBPRF_woocommerce_order_itemmeta` (`order_item_id`, `meta_key`, `meta_value`) VALUES ('493', '_tax_class', '')"}
2020/12/30 08:08:51 : {"type": "insert", "query": "INSERT INTO `_DBPRF_woocommerce_order_itemmeta` (`order_item_id`, `meta_key`, `meta_value`) VALUES ('493', '_product_id', 0)"}
2020/12/30 08:08:51 : {"type": "insert", "query": "INSERT INTO `_DBPRF_woocommerce_order_itemmeta` (`order_item_id`, `meta_key`, `meta_value`) VALUES ('493', '_variation_id', '')"}
2020/12/30 08:08:51 : {"type": "insert", "query": "INSERT INTO `_DBPRF_woocommerce_order_itemmeta` (`order_item_id`, `meta_key`, `meta_value`) VALUES ('493', '_line_subtotal', '26.5665')"}
2020/12/30 08:08:51 : {"type": "insert", "query": "INSERT INTO `_DBPRF_woocommerce_order_itemmeta` (`order_item_id`, `meta_key`, `meta_value`) VALUES ('493', '_line_total', '26.5665')"}
2020/12/30 08:08:51 : {"type": "insert", "query": "INSERT INTO `_DBPRF_woocommerce_order_itemmeta` (`order_item_id`, `meta_key`, `meta_value`) VALUES ('493', '_line_subtotal_tax', 0)"}
2020/12/30 08:08:51 : {"type": "insert", "query": "INSERT INTO `_DBPRF_woocommerce_order_itemmeta` (`order_item_id`, `meta_key`, `meta_value`) VALUES ('493', '_line_tax', 0)"}
2020/12/30 08:08:51 : {"type": "insert", "query": "INSERT INTO `_DBPRF_woocommerce_order_itemmeta` (`order_item_id`, `meta_key`, `meta_value`) VALUES ('493', '_line_tax_data', 'a:2:{s:5:\\\"total\\\";i:0;s:8:\\\"subtotal\\\";i:0;}')"}
2020/12/30 08:08:51 : {"type": "insert", "query": "INSERT INTO `_DBPRF_woocommerce_order_itemmeta` (`order_item_id`, `meta_key`, `meta_value`) VALUES ('494', '_qty', '1')"}
2020/12/30 08:08:51 : {"type": "insert", "query": "INSERT INTO `_DBPRF_woocommerce_order_itemmeta` (`order_item_id`, `meta_key`, `meta_value`) VALUES ('494', '_tax_class', '')"}
2020/12/30 08:08:51 : {"type": "insert", "query": "INSERT INTO `_DBPRF_woocommerce_order_itemmeta` (`order_item_id`, `meta_key`, `meta_value`) VALUES ('494', '_product_id', 0)"}
2020/12/30 08:08:51 : {"type": "insert", "query": "INSERT INTO `_DBPRF_woocommerce_order_itemmeta` (`order_item_id`, `meta_key`, `meta_value`) VALUES ('494', '_variation_id', '')"}
2020/12/30 08:08:52 : {"type": "insert", "query": "INSERT INTO `_DBPRF_woocommerce_order_itemmeta` (`order_item_id`, `meta_key`, `meta_value`) VALUES ('494', '_line_subtotal', '26.5665')"}
2020/12/30 08:08:52 : {"type": "insert", "query": "INSERT INTO `_DBPRF_woocommerce_order_itemmeta` (`order_item_id`, `meta_key`, `meta_value`) VALUES ('494', '_line_total', '26.5665')"}
2020/12/30 08:08:52 : {"type": "insert", "query": "INSERT INTO `_DBPRF_woocommerce_order_itemmeta` (`order_item_id`, `meta_key`, `meta_value`) VALUES ('494', '_line_subtotal_tax', 0)"}
2020/12/30 08:08:52 : {"type": "insert", "query": "INSERT INTO `_DBPRF_woocommerce_order_itemmeta` (`order_item_id`, `meta_key`, `meta_value`) VALUES ('494', '_line_tax', 0)"}
2020/12/30 08:08:52 : {"type": "insert", "query": "INSERT INTO `_DBPRF_woocommerce_order_itemmeta` (`order_item_id`, `meta_key`, `meta_value`) VALUES ('494', '_line_tax_data', 'a:2:{s:5:\\\"total\\\";i:0;s:8:\\\"subtotal\\\";i:0;}')"}
